34.0 APEX_CODE,DEBUG;APEX_PROFILING,INFO;CALLOUT,INFO;DB,INFO;SYSTEM,DEBUG;VALIDATION,INFO;VISUALFORCE,INFO;WORKFLOW,INFO
16:04:11.0 (69080)|USER_INFO|[EXTERNAL]|005w0000003Pu27|luukkaa@iata.org.prod.amp2|Central European Time|GMT+02:00
16:04:11.0 (109227)|EXECUTION_STARTED
16:04:11.0 (114718)|CODE_UNIT_STARTED|[EXTERNAL]|066w0000001Fz6g|VF: /apex/AMP_GroupHierarchy
16:04:11.0 (6214720)|SYSTEM_MODE_ENTER|true
16:04:11.0 (6690553)|SYSTEM_MODE_ENTER|false
16:04:11.0 (6697942)|SYSTEM_MODE_EXIT|false
16:04:11.0 (6776729)|SYSTEM_MODE_ENTER|false
16:04:11.0 (12321785)|USER_DEBUG|[10]|DEBUG|LocalGovernance__c:{CurrencyIsoCode=USD, Id=a0A5E000000D1W7UAK, RecordTypeId=012w0000000V43JAAS}
16:04:11.0 (12693054)|SOQL_EXECUTE_BEGIN|[28]|Aggregations:0|SELECT Id, Name, Reporting_to__c FROM LocalGovernance__c WHERE Id = :tmpVar1
16:04:11.0 (14158432)|SOQL_EXECUTE_END|[28]|Rows:1
16:04:11.0 (14351961)|USER_DEBUG|[30]|DEBUG|LocalGovernance__c:{Id=a0A5E000000D1W7UAK, Name=Legal Committee, RecordTypeId=012w0000000V43JAAS, CurrencyIsoCode=USD}
16:04:11.0 (14570064)|SOQL_EXECUTE_BEGIN|[43]|Aggregations:0|SELECT Id, Name, Reporting_to__c FROM LocalGovernance__c WHERE Id = :tmpVar1
16:04:11.0 (15469613)|SOQL_EXECUTE_END|[43]|Rows:0
16:04:11.0 (15546113)|USER_DEBUG|[36]|DEBUG|null
16:04:11.0 (16033219)|SYSTEM_MODE_EXIT|false
16:04:11.0 (23072061)|SYSTEM_MODE_ENTER|true
16:04:11.0 (23162765)|SYSTEM_MODE_ENTER|true
16:04:11.25 (25560441)|CUMULATIVE_LIMIT_USAGE
16:04:11.25 (25560441)|LIMIT_USAGE_FOR_NS|(default)|
  Number of SOQL queries: 2 out of 100
  Number of query rows: 1 out of 50000
  Number of SOSL queries: 0 out of 20
  Number of DML statements: 0 out of 150
  Number of DML rows: 0 out of 10000
  Maximum CPU time: 0 out of 10000
  Maximum heap size: 0 out of 6000000
  Number of callouts: 0 out of 100
  Number of Email Invocations: 0 out of 10
  Number of future calls: 0 out of 50
  Number of queueable jobs added to the queue: 0 out of 50
  Number of Mobile Apex push calls: 0 out of 10

16:04:11.25 (25560441)|CUMULATIVE_LIMIT_USAGE_END

16:04:11.0 (25597392)|CODE_UNIT_FINISHED|VF: /apex/AMP_GroupHierarchy
16:04:11.0 (26356710)|EXECUTION_FINISHED
