34.0 APEX_CODE,DEBUG;APEX_PROFILING,INFO;CALLOUT,INFO;DB,INFO;SYSTEM,DEBUG;VALIDATION,INFO;VISUALFORCE,INFO;WORKFLOW,INFO
15:57:32.0 (74957)|USER_INFO|[EXTERNAL]|005w0000003Pu27|luukkaa@iata.org.prod.amp2|Central European Time|GMT+02:00
15:57:32.0 (117706)|EXECUTION_STARTED
15:57:32.0 (123857)|CODE_UNIT_STARTED|[EXTERNAL]|066w0000001Fz6o|VF: /apex/AMP_NewIATAGroup
15:57:32.0 (4069483)|SYSTEM_MODE_ENTER|true
15:57:32.0 (4223809)|SYSTEM_MODE_ENTER|false
15:57:32.0 (4229945)|SYSTEM_MODE_EXIT|false
15:57:32.0 (4302948)|SYSTEM_MODE_ENTER|false
15:57:32.0 (4588547)|SYSTEM_MODE_EXIT|false
15:57:32.0 (77273209)|VF_SERIALIZE_VIEWSTATE_BEGIN|066w0000001Fz6o
15:57:32.0 (80548741)|VF_SERIALIZE_VIEWSTATE_END
15:57:32.83 (83163662)|CUMULATIVE_LIMIT_USAGE
15:57:32.83 (83163662)|LIMIT_USAGE_FOR_NS|(default)|
  Number of SOQL queries: 0 out of 100
  Number of query rows: 0 out of 50000
  Number of SOSL queries: 0 out of 20
  Number of DML statements: 0 out of 150
  Number of DML rows: 0 out of 10000
  Maximum CPU time: 0 out of 10000
  Maximum heap size: 0 out of 6000000
  Number of callouts: 0 out of 100
  Number of Email Invocations: 0 out of 10
  Number of future calls: 0 out of 50
  Number of queueable jobs added to the queue: 0 out of 50
  Number of Mobile Apex push calls: 0 out of 10

15:57:32.83 (83163662)|CUMULATIVE_LIMIT_USAGE_END

15:57:32.0 (83198255)|CODE_UNIT_FINISHED|VF: /apex/AMP_NewIATAGroup
15:57:32.0 (84111492)|EXECUTION_FINISHED
