34.0 APEX_CODE,DEBUG;APEX_PROFILING,INFO;CALLOUT,INFO;DB,INFO;SYSTEM,DEBUG;VALIDATION,INFO;VISUALFORCE,INFO;WORKFLOW,INFO
16:04:07.0 (66334)|USER_INFO|[EXTERNAL]|005w0000003Pu27|luukkaa@iata.org.prod.amp2|Central European Time|GMT+02:00
16:04:07.0 (119897)|EXECUTION_STARTED
16:04:07.0 (125740)|CODE_UNIT_STARTED|[EXTERNAL]|066w0000001Fz6g|VF: /apex/AMP_GroupHierarchy
16:04:07.0 (2303518)|SYSTEM_MODE_ENTER|true
16:04:07.0 (2803947)|SYSTEM_MODE_ENTER|false
16:04:07.0 (2811410)|SYSTEM_MODE_EXIT|false
16:04:07.0 (2885532)|SYSTEM_MODE_ENTER|false
16:04:07.0 (13407096)|USER_DEBUG|[10]|DEBUG|LocalGovernance__c:{CurrencyIsoCode=USD, Id=a0A5E000000D1VpUAK, RecordTypeId=012w0000000V43JAAS}
16:04:07.0 (13814726)|SOQL_EXECUTE_BEGIN|[28]|Aggregations:0|SELECT Id, Name, Reporting_to__c FROM LocalGovernance__c WHERE Id = :tmpVar1
16:04:07.0 (20519170)|SOQL_EXECUTE_END|[28]|Rows:1
16:04:07.0 (20733475)|USER_DEBUG|[30]|DEBUG|LocalGovernance__c:{Id=a0A5E000000D1VpUAK, Name=Slot Policy Working Group, RecordTypeId=012w0000000V43JAAS, CurrencyIsoCode=USD}
16:04:07.0 (20984418)|SOQL_EXECUTE_BEGIN|[43]|Aggregations:0|SELECT Id, Name, Reporting_to__c FROM LocalGovernance__c WHERE Id = :tmpVar1
16:04:07.0 (22639273)|SOQL_EXECUTE_END|[43]|Rows:0
16:04:07.0 (22722664)|USER_DEBUG|[36]|DEBUG|null
16:04:07.0 (23359285)|SYSTEM_MODE_EXIT|false
16:04:07.0 (31215625)|SYSTEM_MODE_ENTER|true
16:04:07.0 (31423787)|SYSTEM_MODE_ENTER|true
16:04:07.35 (35238344)|CUMULATIVE_LIMIT_USAGE
16:04:07.35 (35238344)|LIMIT_USAGE_FOR_NS|(default)|
  Number of SOQL queries: 2 out of 100
  Number of query rows: 1 out of 50000
  Number of SOSL queries: 0 out of 20
  Number of DML statements: 0 out of 150
  Number of DML rows: 0 out of 10000
  Maximum CPU time: 0 out of 10000
  Maximum heap size: 0 out of 6000000
  Number of callouts: 0 out of 100
  Number of Email Invocations: 0 out of 10
  Number of future calls: 0 out of 50
  Number of queueable jobs added to the queue: 0 out of 50
  Number of Mobile Apex push calls: 0 out of 10

16:04:07.35 (35238344)|CUMULATIVE_LIMIT_USAGE_END

16:04:07.0 (35276300)|CODE_UNIT_FINISHED|VF: /apex/AMP_GroupHierarchy
16:04:07.0 (36055341)|EXECUTION_FINISHED
