34.0 APEX_CODE,DEBUG;APEX_PROFILING,INFO;CALLOUT,INFO;DB,INFO;SYSTEM,DEBUG;VALIDATION,INFO;VISUALFORCE,INFO;WORKFLOW,INFO
16:03:54.0 (72106)|USER_INFO|[EXTERNAL]|005w0000003Pu27|luukkaa@iata.org.prod.amp2|Central European Time|GMT+02:00
16:03:54.0 (115834)|EXECUTION_STARTED
16:03:54.0 (121162)|CODE_UNIT_STARTED|[EXTERNAL]|066w0000001Fz6f|VF: /apex/AMP_CoreRelationship
16:03:54.0 (6464749)|SYSTEM_MODE_ENTER|true
16:03:54.0 (6932554)|SYSTEM_MODE_ENTER|false
16:03:54.0 (6940519)|SYSTEM_MODE_EXIT|false
16:03:54.0 (7015383)|SYSTEM_MODE_ENTER|false
16:03:54.0 (29648203)|SOQL_EXECUTE_BEGIN|[56]|Aggregations:0|SELECT Id, Name FROM LocalGovernance__c WHERE Name IN :tmpVar1
16:03:54.0 (44945864)|SOQL_EXECUTE_END|[56]|Rows:20
16:03:54.0 (59833688)|SOQL_EXECUTE_BEGIN|[64]|Aggregations:0|SELECT Id, Local_Governance__c, Local_Governance__r.Name, Participant_Type__c, Contact__r.Salutation, Contact__r.FirstName, Contact__r.LastName, Contact__r.Title FROM Participant__c WHERE (Contact__r.AccountId = :tmpVar1 AND Local_Governance__r.Name IN :tmpVar2)
16:03:54.0 (75442712)|SOQL_EXECUTE_END|[64]|Rows:0
16:03:54.0 (77361998)|USER_DEBUG|[106]|DEBUG|(Participant:[firstName=null, groupId=a0A5E000000D1cdUAC, groupName=Audit Committee, lastName=null, role=not at this time, salutation=null, title=null, type=null], Participant:[firstName=null, groupId=a0A5E000000D1VuUAK, groupName=Board of Governors, lastName=null, role=not at this time, salutation=null, title=null, type=null], Participant:[firstName=null, groupId=a0A5E000000D1VwUAK, groupName=Cargo Agency Conference, lastName=null, role=not at this time, salutation=null, title=null, type=null], Participant:[firstName=null, groupId=a0A5E000000D1cgUAC, groupName=Cargo Committee, lastName=null, role=not at this time, salutation=null, title=null, type=null], Participant:[firstName=null, groupId=a0A5E000000D1WcUAK, groupName=Cargo Services Conference, lastName=null, role=not at this time, salutation=null, title=null, type=null], Participant:[firstName=null, groupId=a0A5E000000D1WdUAK, groupName=Cargo Tariff Coordinating Conferences, lastName=null, role=not at this time, salutation=null, title=null, type=null], Participant:[firstName=null, groupId=a0A5E000000D1ceUAC, groupName=Chair Committee, lastName=null, role=not at this time, salutation=null, title=null, type=null], Participant:[firstName=null, groupId=a0A5E000000D1ckUAC, groupName=Environment Committee, lastName=null, role=not at this time, salutation=null, title=null, type=null], Participant:[firstName=null, groupId=a0A5E000000D1VoUAK, groupName=Financial Committee, lastName=null, role=not at this time, salutation=null, title=null, type=null], Participant:[firstName=null, groupId=a0A5E000000D1WyUAK, groupName=General Prorate Meeting, lastName=null, role=not at this time, salutation=null, title=null, type=null], ...)
16:03:54.0 (77398994)|SYSTEM_MODE_EXIT|false
16:03:54.0 (77507651)|SYSTEM_MODE_ENTER|true
16:03:54.105 (105865731)|CUMULATIVE_LIMIT_USAGE
16:03:54.105 (105865731)|LIMIT_USAGE_FOR_NS|(default)|
  Number of SOQL queries: 2 out of 100
  Number of query rows: 20 out of 50000
  Number of SOSL queries: 0 out of 20
  Number of DML statements: 0 out of 150
  Number of DML rows: 0 out of 10000
  Maximum CPU time: 0 out of 10000
  Maximum heap size: 0 out of 6000000
  Number of callouts: 0 out of 100
  Number of Email Invocations: 0 out of 10
  Number of future calls: 0 out of 50
  Number of queueable jobs added to the queue: 0 out of 50
  Number of Mobile Apex push calls: 0 out of 10

16:03:54.105 (105865731)|CUMULATIVE_LIMIT_USAGE_END

16:03:54.0 (105919092)|CODE_UNIT_FINISHED|VF: /apex/AMP_CoreRelationship
16:03:54.0 (106704299)|EXECUTION_FINISHED
