34.0 APEX_CODE,DEBUG;APEX_PROFILING,INFO;CALLOUT,INFO;DB,INFO;SYSTEM,DEBUG;VALIDATION,INFO;VISUALFORCE,INFO;WORKFLOW,INFO
16:04:15.0 (71196)|USER_INFO|[EXTERNAL]|005w0000003Pu27|luukkaa@iata.org.prod.amp2|Central European Time|GMT+02:00
16:04:15.0 (111688)|EXECUTION_STARTED
16:04:15.0 (117424)|CODE_UNIT_STARTED|[EXTERNAL]|066w0000001Fz6g|VF: /apex/AMP_GroupHierarchy
16:04:15.0 (4174931)|SYSTEM_MODE_ENTER|true
16:04:15.0 (4712314)|SYSTEM_MODE_ENTER|false
16:04:15.0 (4720744)|SYSTEM_MODE_EXIT|false
16:04:15.0 (4748743)|SYSTEM_MODE_ENTER|false
16:04:15.0 (9962131)|USER_DEBUG|[10]|DEBUG|LocalGovernance__c:{CurrencyIsoCode=USD, Id=a0A5E000000D1cgUAC, RecordTypeId=012w0000000V43JAAS}
16:04:15.0 (10269826)|SOQL_EXECUTE_BEGIN|[28]|Aggregations:0|SELECT Id, Name, Reporting_to__c FROM LocalGovernance__c WHERE Id = :tmpVar1
16:04:15.0 (11748791)|SOQL_EXECUTE_END|[28]|Rows:1
16:04:15.0 (12004247)|USER_DEBUG|[30]|DEBUG|LocalGovernance__c:{Id=a0A5E000000D1cgUAC, Name=Cargo Committee, RecordTypeId=012w0000000V43JAAS, CurrencyIsoCode=USD}
16:04:15.0 (12222202)|SOQL_EXECUTE_BEGIN|[43]|Aggregations:0|SELECT Id, Name, Reporting_to__c FROM LocalGovernance__c WHERE Id = :tmpVar1
16:04:15.0 (13092624)|SOQL_EXECUTE_END|[43]|Rows:0
16:04:15.0 (13171404)|USER_DEBUG|[36]|DEBUG|null
16:04:15.0 (13663039)|SYSTEM_MODE_EXIT|false
16:04:15.0 (20748831)|SYSTEM_MODE_ENTER|true
16:04:15.0 (20831395)|SYSTEM_MODE_ENTER|true
16:04:15.23 (23239839)|CUMULATIVE_LIMIT_USAGE
16:04:15.23 (23239839)|LIMIT_USAGE_FOR_NS|(default)|
  Number of SOQL queries: 2 out of 100
  Number of query rows: 1 out of 50000
  Number of SOSL queries: 0 out of 20
  Number of DML statements: 0 out of 150
  Number of DML rows: 0 out of 10000
  Maximum CPU time: 0 out of 10000
  Maximum heap size: 0 out of 6000000
  Number of callouts: 0 out of 100
  Number of Email Invocations: 0 out of 10
  Number of future calls: 0 out of 50
  Number of queueable jobs added to the queue: 0 out of 50
  Number of Mobile Apex push calls: 0 out of 10

16:04:15.23 (23239839)|CUMULATIVE_LIMIT_USAGE_END

16:04:15.0 (23276644)|CODE_UNIT_FINISHED|VF: /apex/AMP_GroupHierarchy
16:04:15.0 (24026364)|EXECUTION_FINISHED
