34.0 APEX_CODE,DEBUG;APEX_PROFILING,INFO;CALLOUT,INFO;DB,INFO;SYSTEM,DEBUG;VALIDATION,INFO;VISUALFORCE,INFO;WORKFLOW,INFO
16:01:25.0 (128195)|USER_INFO|[EXTERNAL]|005w0000003Pu27|luukkaa@iata.org.prod.amp2|Central European Time|GMT+02:00
16:01:25.0 (179754)|EXECUTION_STARTED
16:01:25.0 (186526)|CODE_UNIT_STARTED|[EXTERNAL]|TRIGGERS
16:01:25.0 (255650)|CODE_UNIT_STARTED|[EXTERNAL]|01qw0000000J40x|LocalGroupTrigger on LocalGovernance trigger event BeforeInsert for [new, new, new, new, new, new, new, new, new, new, new, new, new, new, new, new, new, new, new, new, new, new, new, new, new, new, new, new, new, new, new, new, new, new, new, new, new, new, new, new, new, new, new, new, new, new, new, new, new, new, new, new, new, new, new, new, new, new, new, new, new, new, new, new, new, new, new, new, new, new, new, new, new, new, new, new, new, new, new, new, new, new, new, new, new, new, new, new, new, new, new, new, new, new, new, new, new, new, new, new, new, new, new, new, new, new, new, new, new, new, new, new, new, new, new, new, new, new, new, new, new, new, new, new, new, new, new, new, new, new, new, new, new, new, new, new, new, new, new, new, new, new, new, new, new, new, new, new, new, new, new, new, new, new, new, new, new, new, new, new, new, new, new, new, new, new, new, new, new, new, new, new, new, new, new, new, new, new, new, new, new, new, new, new, new, new, new, new, new, new, new, new, new, new, new, new, new, new, new, new]
16:01:25.0 (1467451)|SOQL_EXECUTE_BEGIN|[3]|Aggregations:0|SELECT Id FROM Profile WHERE Name = 'System Administrator' LIMIT 1
16:01:25.0 (9255310)|SOQL_EXECUTE_END|[3]|Rows:1
16:01:25.0 (24781075)|SOQL_EXECUTE_BEGIN|[24]|Aggregations:0|SELECT Name, Region__c, Country_Manager__c, ISS_Office_Location__c FROM IATA_ISO_Country__c WHERE ID = :tmpVar1
16:01:25.0 (39407737)|SOQL_EXECUTE_END|[24]|Rows:0
16:01:25.0 (44190936)|SOQL_EXECUTE_BEGIN|[40]|Aggregations:0|SELECT Name, Region__c, Country_Manager__c, IATA_Local_Office__c FROM Cluster__c WHERE ID = :tmpVar1
16:01:25.0 (51972793)|SOQL_EXECUTE_END|[40]|Rows:0
16:01:25.64 (64524640)|CUMULATIVE_LIMIT_USAGE
16:01:25.64 (64524640)|LIMIT_USAGE_FOR_NS|(default)|
  Number of SOQL queries: 3 out of 100
  Number of query rows: 1 out of 50000
  Number of SOSL queries: 0 out of 20
  Number of DML statements: 0 out of 150
  Number of DML rows: 0 out of 10000
  Maximum CPU time: 0 out of 10000
  Maximum heap size: 0 out of 6000000
  Number of callouts: 0 out of 100
  Number of Email Invocations: 0 out of 10
  Number of future calls: 0 out of 50
  Number of queueable jobs added to the queue: 0 out of 50
  Number of Mobile Apex push calls: 0 out of 10

16:01:25.64 (64524640)|CUMULATIVE_LIMIT_USAGE_END

16:01:25.0 (65583891)|CODE_UNIT_FINISHED|LocalGroupTrigger on LocalGovernance trigger event BeforeInsert for [new, new, new, new, new, new, new, new, new, new, new, new, new, new, new, new, new, new, new, new, new, new, new, new, new, new, new, new, new, new, new, new, new, new, new, new, new, new, new, new, new, new, new, new, new, new, new, new, new, new, new, new, new, new, new, new, new, new, new, new, new, new, new, new, new, new, new, new, new, new, new, new, new, new, new, new, new, new, new, new, new, new, new, new, new, new, new, new, new, new, new, new, new, new, new, new, new, new, new, new, new, new, new, new, new, new, new, new, new, new, new, new, new, new, new, new, new, new, new, new, new, new, new, new, new, new, new, new, new, new, new, new, new, new, new, new, new, new, new, new, new, new, new, new, new, new, new, new, new, new, new, new, new, new, new, new, new, new, new, new, new, new, new, new, new, new, new, new, new, new, new, new, new, new, new, new, new, new, new, new, new, new, new, new, new, new, new, new, new, new, new, new, new, new, new, new, new, new, new, new]
16:01:25.0 (222831352)|CODE_UNIT_STARTED|[EXTERNAL]|Validation:LocalGovernance:new
16:01:25.0 (222846093)|VALIDATION_RULE|03dw0000000MHXq|Cannot_change_if_inactive_group
16:01:25.0 (223324809)|VALIDATION_FORMULA|AND(
  Active__c=false,
  OR(
    ISCHANGED(Cargo_Passenger__c),
    ISCHANGED(Local_Governance_type__c),
    ISCHANGED(Group_Owner__c),
    ISCHANGED(Country__c),
    ISCHANGED(Cluster__c)
  )
)|Group_Owner__c=null , Cluster__c=null , Country__c=null , Active__c=0 , Cargo_Passenger__c=null , Local_Governance_type__c=CEC
16:01:25.0 (223334077)|VALIDATION_PASS
16:01:25.0 (223336670)|VALIDATION_RULE|03dw0000000ULGi|Either_a_Division_or_a_Region
16:01:25.0 (223568538)|VALIDATION_FORMULA|AND(
  RecordType.DeveloperName = "Reg_Div_Groups",

   NOT(ISPICKVAL(Region__c, "N/A")),
   NOT(ISPICKVAL(Division__c, "N/A"))


)|Region__c=Asia Pacific , RecordType.DeveloperName=Local_Groups , Division__c=null
16:01:25.0 (223575803)|VALIDATION_PASS
16:01:25.0 (223578078)|VALIDATION_RULE|03dw0000000ULGj|Name_of_Reg_Div_Group_cant_be_modified
16:01:25.0 (223738344)|VALIDATION_FORMULA|AND(
  RecordType.DeveloperName = "Reg_Div_Groups",
  ISCHANGED(Name)
)|RecordType.DeveloperName=Local_Groups , Name=CEC-NZ
16:01:25.0 (223743312)|VALIDATION_PASS
16:01:25.0 (223774333)|CODE_UNIT_FINISHED|Validation:LocalGovernance:new
16:01:25.0 (223793560)|CODE_UNIT_STARTED|[EXTERNAL]|Validation:LocalGovernance:new
16:01:25.0 (223799188)|VALIDATION_RULE|03dw0000000MHXq|Cannot_change_if_inactive_group
16:01:25.0 (224272492)|VALIDATION_FORMULA|AND(
  Active__c=false,
  OR(
    ISCHANGED(Cargo_Passenger__c),
    ISCHANGED(Local_Governance_type__c),
    ISCHANGED(Group_Owner__c),
    ISCHANGED(Country__c),
    ISCHANGED(Cluster__c)
  )
)|Group_Owner__c=null , Cluster__c=null , Country__c=null , Active__c=0 , Cargo_Passenger__c=null , Local_Governance_type__c=APJC
16:01:25.0 (224279412)|VALIDATION_PASS
16:01:25.0 (224281021)|VALIDATION_RULE|03dw0000000ULGi|Either_a_Division_or_a_Region
16:01:25.0 (224612740)|VALIDATION_FORMULA|AND(
  RecordType.DeveloperName = "Reg_Div_Groups",

   NOT(ISPICKVAL(Region__c, "N/A")),
   NOT(ISPICKVAL(Division__c, "N/A"))


)|Region__c=Asia Pacific , RecordType.DeveloperName=Local_Groups , Division__c=null
16:01:25.0 (224620326)|VALIDATION_PASS
16:01:25.0 (224621984)|VALIDATION_RULE|03dw0000000ULGj|Name_of_Reg_Div_Group_cant_be_modified
16:01:25.0 (224763262)|VALIDATION_FORMULA|AND(
  RecordType.DeveloperName = "Reg_Div_Groups",
  ISCHANGED(Name)
)|RecordType.DeveloperName=Local_Groups , Name=12th APJC
16:01:25.0 (224776402)|VALIDATION_PASS
16:01:25.0 (224797482)|CODE_UNIT_FINISHED|Validation:LocalGovernance:new
16:01:25.0 (224817869)|CODE_UNIT_STARTED|[EXTERNAL]|Validation:LocalGovernance:new
16:01:25.0 (224821622)|VALIDATION_RULE|03dw0000000MHXq|Cannot_change_if_inactive_group
16:01:25.0 (225330893)|VALIDATION_FORMULA|AND(
  Active__c=false,
  OR(
    ISCHANGED(Cargo_Passenger__c),
    ISCHANGED(Local_Governance_type__c),
    ISCHANGED(Group_Owner__c),
    ISCHANGED(Country__c),
    ISCHANGED(Cluster__c)
  )
)|Group_Owner__c=null , Cluster__c=null , Country__c=null , Active__c=0 , Cargo_Passenger__c=null , Local_Governance_type__c=APJC
16:01:25.0 (225337905)|VALIDATION_PASS
16:01:25.0 (225339577)|VALIDATION_RULE|03dw0000000ULGi|Either_a_Division_or_a_Region
16:01:25.0 (225657126)|VALIDATION_FORMULA|AND(
  RecordType.DeveloperName = "Reg_Div_Groups",

   NOT(ISPICKVAL(Region__c, "N/A")),
   NOT(ISPICKVAL(Division__c, "N/A"))


)|Region__c=Europe , RecordType.DeveloperName=Local_Groups , Division__c=null
16:01:25.0 (225662827)|VALIDATION_PASS
16:01:25.0 (225664393)|VALIDATION_RULE|03dw0000000ULGj|Name_of_Reg_Div_Group_cant_be_modified
16:01:25.0 (225857145)|VALIDATION_FORMULA|AND(
  RecordType.DeveloperName = "Reg_Div_Groups",
  ISCHANGED(Name)
)|RecordType.DeveloperName=Local_Groups , Name=APJC Lithuania
16:01:25.0 (225862695)|VALIDATION_PASS
16:01:25.0 (225883996)|CODE_UNIT_FINISHED|Validation:LocalGovernance:new
16:01:25.0 (225910621)|CODE_UNIT_STARTED|[EXTERNAL]|Validation:LocalGovernance:new
16:01:25.0 (225914426)|VALIDATION_RULE|03dw0000000MHXq|Cannot_change_if_inactive_group
16:01:25.0 (226340772)|VALIDATION_FORMULA|AND(
  Active__c=false,
  OR(
    ISCHANGED(Cargo_Passenger__c),
    ISCHANGED(Local_Governance_type__c),
    ISCHANGED(Group_Owner__c),
    ISCHANGED(Country__c),
    ISCHANGED(Cluster__c)
  )
)|Group_Owner__c=null , Cluster__c=null , Country__c=null , Active__c=0 , Cargo_Passenger__c=null , Local_Governance_type__c=ICAP
16:01:25.0 (226355270)|VALIDATION_PASS
16:01:25.0 (226356806)|VALIDATION_RULE|03dw0000000ULGi|Either_a_Division_or_a_Region
16:01:25.0 (226720948)|VALIDATION_FORMULA|AND(
  RecordType.DeveloperName = "Reg_Div_Groups",

   NOT(ISPICKVAL(Region__c, "N/A")),
   NOT(ISPICKVAL(Division__c, "N/A"))


)|Region__c=null , RecordType.DeveloperName=Local_Groups , Division__c=null
16:01:25.0 (226728378)|VALIDATION_PASS
16:01:25.0 (226730172)|VALIDATION_RULE|03dw0000000ULGj|Name_of_Reg_Div_Group_cant_be_modified
16:01:25.0 (226916932)|VALIDATION_FORMULA|AND(
  RecordType.DeveloperName = "Reg_Div_Groups",
  ISCHANGED(Name)
)|RecordType.DeveloperName=Local_Groups , Name=ICAP South Africa
16:01:25.0 (226922440)|VALIDATION_PASS
16:01:25.0 (226943712)|CODE_UNIT_FINISHED|Validation:LocalGovernance:new
16:01:25.0 (226961525)|CODE_UNIT_STARTED|[EXTERNAL]|Validation:LocalGovernance:new
16:01:25.0 (226973616)|VALIDATION_RULE|03dw0000000MHXq|Cannot_change_if_inactive_group
16:01:25.0 (227404859)|VALIDATION_FORMULA|AND(
  Active__c=false,
  OR(
    ISCHANGED(Cargo_Passenger__c),
    ISCHANGED(Local_Governance_type__c),
    ISCHANGED(Group_Owner__c),
    ISCHANGED(Country__c),
    ISCHANGED(Cluster__c)
  )
)|Group_Owner__c=null , Cluster__c=null , Country__c=null , Active__c=0 , Cargo_Passenger__c=null , Local_Governance_type__c=APJC
16:01:25.0 (227411413)|VALIDATION_PASS
16:01:25.0 (227412965)|VALIDATION_RULE|03dw0000000ULGi|Either_a_Division_or_a_Region
16:01:25.0 (227737232)|VALIDATION_FORMULA|AND(
  RecordType.DeveloperName = "Reg_Div_Groups",

   NOT(ISPICKVAL(Region__c, "N/A")),
   NOT(ISPICKVAL(Division__c, "N/A"))


)|Region__c=China & North Asia , RecordType.DeveloperName=Local_Groups , Division__c=null
16:01:25.0 (227743165)|VALIDATION_PASS
16:01:25.0 (227744752)|VALIDATION_RULE|03dw0000000ULGj|Name_of_Reg_Div_Group_cant_be_modified
16:01:25.0 (227891768)|VALIDATION_FORMULA|AND(
  RecordType.DeveloperName = "Reg_Div_Groups",
  ISCHANGED(Name)
)|RecordType.DeveloperName=Local_Groups , Name=APJC Hong Kong (SAR, China)
16:01:25.0 (227896783)|VALIDATION_PASS
16:01:25.0 (227929049)|CODE_UNIT_FINISHED|Validation:LocalGovernance:new
16:01:25.0 (227953243)|CODE_UNIT_STARTED|[EXTERNAL]|Validation:LocalGovernance:new
16:01:25.0 (227959614)|VALIDATION_RULE|03dw0000000MHXq|Cannot_change_if_inactive_group
16:01:25.0 (228394040)|VALIDATION_FORMULA|AND(
  Active__c=false,
  OR(
    ISCHANGED(Cargo_Passenger__c),
    ISCHANGED(Local_Governance_type__c),
    ISCHANGED(Group_Owner__c),
    ISCHANGED(Country__c),
    ISCHANGED(Cluster__c)
  )
)|Group_Owner__c=null , Cluster__c=null , Country__c=null , Active__c=0 , Cargo_Passenger__c=null , Local_Governance_type__c=APJC
16:01:25.0 (228400335)|VALIDATION_PASS
16:01:25.0 (228401834)|VALIDATION_RULE|03dw0000000ULGi|Either_a_Division_or_a_Region
16:01:25.0 (228726171)|VALIDATION_FORMULA|AND(
  RecordType.DeveloperName = "Reg_Div_Groups",

   NOT(ISPICKVAL(Region__c, "N/A")),
   NOT(ISPICKVAL(Division__c, "N/A"))


)|Region__c=Africa & Middle East , RecordType.DeveloperName=Local_Groups , Division__c=null
16:01:25.0 (228732565)|VALIDATION_PASS
16:01:25.0 (228734092)|VALIDATION_RULE|03dw0000000ULGj|Name_of_Reg_Div_Group_cant_be_modified
16:01:25.0 (228871893)|VALIDATION_FORMULA|AND(
  RecordType.DeveloperName = "Reg_Div_Groups",
  ISCHANGED(Name)
)|RecordType.DeveloperName=Local_Groups , Name=APJC Rwanda
16:01:25.0 (228876613)|VALIDATION_PASS
16:01:25.0 (228897196)|CODE_UNIT_FINISHED|Validation:LocalGovernance:new
16:01:25.0 (228924104)|CODE_UNIT_STARTED|[EXTERNAL]|Validation:LocalGovernance:new
16:01:25.0 (228928104)|VALIDATION_RULE|03dw0000000MHXq|Cannot_change_if_inactive_group
16:01:25.0 (229409351)|VALIDATION_FORMULA|AND(
  Active__c=false,
  OR(
    ISCHANGED(Cargo_Passenger__c),
    ISCHANGED(Local_Governance_type__c),
    ISCHANGED(Group_Owner__c),
    ISCHANGED(Country__c),
    ISCHANGED(Cluster__c)
  )
)|Group_Owner__c=null , Cluster__c=null , Country__c=null , Active__c=0 , Cargo_Passenger__c=null , Local_Governance_type__c=APJC
16:01:25.0 (229415806)|VALIDATION_PASS
16:01:25.0 (229417777)|VALIDATION_RULE|03dw0000000ULGi|Either_a_Division_or_a_Region
16:01:25.0 (229739952)|VALIDATION_FORMULA|AND(
  RecordType.DeveloperName = "Reg_Div_Groups",

   NOT(ISPICKVAL(Region__c, "N/A")),
   NOT(ISPICKVAL(Division__c, "N/A"))


)|Region__c=Europe , RecordType.DeveloperName=Local_Groups , Division__c=null
16:01:25.0 (229746033)|VALIDATION_PASS
16:01:25.0 (229747567)|VALIDATION_RULE|03dw0000000ULGj|Name_of_Reg_Div_Group_cant_be_modified
16:01:25.0 (229911386)|VALIDATION_FORMULA|AND(
  RecordType.DeveloperName = "Reg_Div_Groups",
  ISCHANGED(Name)
)|RecordType.DeveloperName=Local_Groups , Name=APJC Scandinavia (Denmark, Greenland, Iceland, Norway, Sweden)
16:01:25.0 (229918743)|VALIDATION_PASS
16:01:25.0 (229950819)|CODE_UNIT_FINISHED|Validation:LocalGovernance:new
16:01:25.0 (229975450)|CODE_UNIT_STARTED|[EXTERNAL]|Validation:LocalGovernance:new
16:01:25.0 (229980057)|VALIDATION_RULE|03dw0000000MHXq|Cannot_change_if_inactive_group
16:01:25.0 (230397567)|VALIDATION_FORMULA|AND(
  Active__c=false,
  OR(
    ISCHANGED(Cargo_Passenger__c),
    ISCHANGED(Local_Governance_type__c),
    ISCHANGED(Group_Owner__c),
    ISCHANGED(Country__c),
    ISCHANGED(Cluster__c)
  )
)|Group_Owner__c=null , Cluster__c=null , Country__c=null , Active__c=0 , Cargo_Passenger__c=null , Local_Governance_type__c=APJC
16:01:25.0 (230404439)|VALIDATION_PASS
16:01:25.0 (230406053)|VALIDATION_RULE|03dw0000000ULGi|Either_a_Division_or_a_Region
16:01:25.0 (230726376)|VALIDATION_FORMULA|AND(
  RecordType.DeveloperName = "Reg_Div_Groups",

   NOT(ISPICKVAL(Region__c, "N/A")),
   NOT(ISPICKVAL(Division__c, "N/A"))


)|Region__c=Europe , RecordType.DeveloperName=Local_Groups , Division__c=null
16:01:25.0 (230732144)|VALIDATION_PASS
16:01:25.0 (230733675)|VALIDATION_RULE|03dw0000000ULGj|Name_of_Reg_Div_Group_cant_be_modified
16:01:25.0 (230921443)|VALIDATION_FORMULA|AND(
  RecordType.DeveloperName = "Reg_Div_Groups",
  ISCHANGED(Name)
)|RecordType.DeveloperName=Local_Groups , Name=APJC Netherlands_old
16:01:25.0 (230928590)|VALIDATION_PASS
16:01:25.0 (230949664)|CODE_UNIT_FINISHED|Validation:LocalGovernance:new
16:01:25.0 (230974654)|CODE_UNIT_STARTED|[EXTERNAL]|Validation:LocalGovernance:new
16:01:25.0 (230978499)|VALIDATION_RULE|03dw0000000MHXq|Cannot_change_if_inactive_group
16:01:25.0 (231459519)|VALIDATION_FORMULA|AND(
  Active__c=false,
  OR(
    ISCHANGED(Cargo_Passenger__c),
    ISCHANGED(Local_Governance_type__c),
    ISCHANGED(Group_Owner__c),
    ISCHANGED(Country__c),
    ISCHANGED(Cluster__c)
  )
)|Group_Owner__c=null , Cluster__c=null , Country__c=null , Active__c=0 , Cargo_Passenger__c=null , Local_Governance_type__c=APJC
16:01:25.0 (231466328)|VALIDATION_PASS
16:01:25.0 (231470131)|VALIDATION_RULE|03dw0000000ULGi|Either_a_Division_or_a_Region
16:01:25.0 (231787746)|VALIDATION_FORMULA|AND(
  RecordType.DeveloperName = "Reg_Div_Groups",

   NOT(ISPICKVAL(Region__c, "N/A")),
   NOT(ISPICKVAL(Division__c, "N/A"))


)|Region__c=Europe , RecordType.DeveloperName=Local_Groups , Division__c=null
16:01:25.0 (231793346)|VALIDATION_PASS
16:01:25.0 (231794854)|VALIDATION_RULE|03dw0000000ULGj|Name_of_Reg_Div_Group_cant_be_modified
16:01:25.0 (231985978)|VALIDATION_FORMULA|AND(
  RecordType.DeveloperName = "Reg_Div_Groups",
  ISCHANGED(Name)
)|RecordType.DeveloperName=Local_Groups , Name=APJC Poland
16:01:25.0 (231991273)|VALIDATION_PASS
16:01:25.0 (232024629)|CODE_UNIT_FINISHED|Validation:LocalGovernance:new
16:01:25.0 (232045346)|CODE_UNIT_STARTED|[EXTERNAL]|Validation:LocalGovernance:new
16:01:25.0 (232049488)|VALIDATION_RULE|03dw0000000MHXq|Cannot_change_if_inactive_group
16:01:25.0 (232524773)|VALIDATION_FORMULA|AND(
  Active__c=false,
  OR(
    ISCHANGED(Cargo_Passenger__c),
    ISCHANGED(Local_Governance_type__c),
    ISCHANGED(Group_Owner__c),
    ISCHANGED(Country__c),
    ISCHANGED(Cluster__c)
  )
)|Group_Owner__c=null , Cluster__c=null , Country__c=null , Active__c=0 , Cargo_Passenger__c=null , Local_Governance_type__c=LCAG-P
16:01:25.0 (232530847)|VALIDATION_PASS
16:01:25.0 (232532377)|VALIDATION_RULE|03dw0000000ULGi|Either_a_Division_or_a_Region
16:01:25.0 (232865786)|VALIDATION_FORMULA|AND(
  RecordType.DeveloperName = "Reg_Div_Groups",

   NOT(ISPICKVAL(Region__c, "N/A")),
   NOT(ISPICKVAL(Division__c, "N/A"))


)|Region__c=Europe , RecordType.DeveloperName=Local_Groups , Division__c=null
16:01:25.0 (232871684)|VALIDATION_PASS
16:01:25.0 (232873210)|VALIDATION_RULE|03dw0000000ULGj|Name_of_Reg_Div_Group_cant_be_modified
16:01:25.0 (233065582)|VALIDATION_FORMULA|AND(
  RecordType.DeveloperName = "Reg_Div_Groups",
  ISCHANGED(Name)
)|RecordType.DeveloperName=Local_Groups , Name=LCAG-P Spain 2015
16:01:25.0 (233071600)|VALIDATION_PASS
16:01:25.0 (233092434)|CODE_UNIT_FINISHED|Validation:LocalGovernance:new
16:01:25.0 (233110016)|CODE_UNIT_STARTED|[EXTERNAL]|Validation:LocalGovernance:new
16:01:25.0 (233113542)|VALIDATION_RULE|03dw0000000MHXq|Cannot_change_if_inactive_group
16:01:25.0 (233622516)|VALIDATION_FORMULA|AND(
  Active__c=false,
  OR(
    ISCHANGED(Cargo_Passenger__c),
    ISCHANGED(Local_Governance_type__c),
    ISCHANGED(Group_Owner__c),
    ISCHANGED(Country__c),
    ISCHANGED(Cluster__c)
  )
)|Group_Owner__c=null , Cluster__c=null , Country__c=null , Active__c=0 , Cargo_Passenger__c=null , Local_Governance_type__c=LCAG-P
16:01:25.0 (233628582)|VALIDATION_PASS
16:01:25.0 (233630042)|VALIDATION_RULE|03dw0000000ULGi|Either_a_Division_or_a_Region
16:01:25.0 (233959780)|VALIDATION_FORMULA|AND(
  RecordType.DeveloperName = "Reg_Div_Groups",

   NOT(ISPICKVAL(Region__c, "N/A")),
   NOT(ISPICKVAL(Division__c, "N/A"))


)|Region__c=Europe , RecordType.DeveloperName=Local_Groups , Division__c=null
16:01:25.0 (233967099)|VALIDATION_PASS
16:01:25.0 (233969071)|VALIDATION_RULE|03dw0000000ULGj|Name_of_Reg_Div_Group_cant_be_modified
16:01:25.0 (234160053)|VALIDATION_FORMULA|AND(
  RecordType.DeveloperName = "Reg_Div_Groups",
  ISCHANGED(Name)
)|RecordType.DeveloperName=Local_Groups , Name=LCAG-P Portugal 2015
16:01:25.0 (234171279)|VALIDATION_PASS
16:01:25.0 (234192880)|CODE_UNIT_FINISHED|Validation:LocalGovernance:new
16:01:25.0 (302884428)|CODE_UNIT_STARTED|[EXTERNAL]|Workflow:01I20000000U8YX
16:01:25.0 (316007902)|WF_RULE_EVAL_BEGIN|Workflow
16:01:25.0 (316037129)|WF_CRITERIA_BEGIN|[Industry Group: CEC-NZ a0A5E000000D10N]|Reg / Div Group Auto Unique Name|01Qw0000000VGi3|ON_ALL_CHANGES|0
16:01:25.0 (318991215)|WF_RULE_FILTER|[Industry Group : Group Name not equal to ] 
AND [Industry Group : Record Type equals Reg/Div Groups, Draft Reg/Div Group]
16:01:25.0 (319008763)|WF_RULE_EVAL_VALUE|CEC-NZ
16:01:25.0 (319023796)|WF_RULE_EVAL_VALUE|012w0000000K4sj
16:01:25.0 (319027181)|WF_CRITERIA_END|false
16:01:25.0 (319037392)|WF_CRITERIA_BEGIN|[Industry Group: CEC-NZ a0A5E000000D10N]|Local Governance Auto Name|01Qw0000000JNET|ON_ALL_CHANGES|0
16:01:25.0 (319081489)|WF_RULE_FILTER|[Industry Group : Group Name not equal to ] 
AND [Industry Group : Record Type equals Local Groups]
16:01:25.0 (319089274)|WF_RULE_EVAL_VALUE|CEC-NZ
16:01:25.0 (319096532)|WF_RULE_EVAL_VALUE|012w0000000K4sj
16:01:25.0 (319098996)|WF_CRITERIA_END|true
16:01:25.0 (329491107)|WF_CRITERIA_BEGIN|[Industry Group: CEC-NZ a0A5E000000D10N]|Reg/Div group reporting to changed|01Qw00000007ZTM|ON_ALL_CHANGES|0
16:01:25.0 (329943618)|WF_FORMULA|Formula:ENCODED:[treatNullAsNull]AND( {!ID:RecordType.DeveloperName} = 'Reg_Div_Groups', ISCHANGED( {!ID:00Nw0000009CEk5} ))|Values:RecordType.DeveloperName=Local_Groups, Reporting_to__c=null
16:01:25.0 (329950753)|WF_CRITERIA_END|false
16:01:25.0 (329967524)|WF_CRITERIA_BEGIN|[Industry Group: 12th APJC a0A5E000000D10O]|Reg / Div Group Auto Unique Name|01Qw0000000VGi3|ON_ALL_CHANGES|0
16:01:25.0 (330027057)|WF_RULE_FILTER|[Industry Group : Group Name not equal to ] 
AND [Industry Group : Record Type equals Reg/Div Groups, Draft Reg/Div Group]
16:01:25.0 (330041417)|WF_RULE_EVAL_VALUE|12th APJC
16:01:25.0 (330056533)|WF_RULE_EVAL_VALUE|012w0000000K4sj
16:01:25.0 (330058857)|WF_CRITERIA_END|false
16:01:25.0 (330065508)|WF_CRITERIA_BEGIN|[Industry Group: 12th APJC a0A5E000000D10O]|Local Governance Auto Name|01Qw0000000JNET|ON_ALL_CHANGES|0
16:01:25.0 (330093288)|WF_RULE_FILTER|[Industry Group : Group Name not equal to ] 
AND [Industry Group : Record Type equals Local Groups]
16:01:25.0 (330099248)|WF_RULE_EVAL_VALUE|12th APJC
16:01:25.0 (330106659)|WF_RULE_EVAL_VALUE|012w0000000K4sj
16:01:25.0 (330108810)|WF_CRITERIA_END|true
16:01:25.0 (330118624)|WF_CRITERIA_BEGIN|[Industry Group: 12th APJC a0A5E000000D10O]|Reg/Div group reporting to changed|01Qw00000007ZTM|ON_ALL_CHANGES|0
16:01:25.0 (330275761)|WF_FORMULA|Formula:ENCODED:[treatNullAsNull]AND( {!ID:RecordType.DeveloperName} = 'Reg_Div_Groups', ISCHANGED( {!ID:00Nw0000009CEk5} ))|Values:RecordType.DeveloperName=Local_Groups, Reporting_to__c=null
16:01:25.0 (330279989)|WF_CRITERIA_END|false
16:01:25.0 (330289917)|WF_CRITERIA_BEGIN|[Industry Group: APJC Lithuania a0A5E000000D10P]|Reg / Div Group Auto Unique Name|01Qw0000000VGi3|ON_ALL_CHANGES|0
16:01:25.0 (330322909)|WF_RULE_FILTER|[Industry Group : Group Name not equal to ] 
AND [Industry Group : Record Type equals Reg/Div Groups, Draft Reg/Div Group]
16:01:25.0 (330329766)|WF_RULE_EVAL_VALUE|APJC Lithuania
16:01:25.0 (330335706)|WF_RULE_EVAL_VALUE|012w0000000K4sj
16:01:25.0 (330347733)|WF_CRITERIA_END|false
16:01:25.0 (330360304)|WF_CRITERIA_BEGIN|[Industry Group: APJC Lithuania a0A5E000000D10P]|Local Governance Auto Name|01Qw0000000JNET|ON_ALL_CHANGES|0
16:01:25.0 (330411897)|WF_RULE_FILTER|[Industry Group : Group Name not equal to ] 
AND [Industry Group : Record Type equals Local Groups]
16:01:25.0 (330420317)|WF_RULE_EVAL_VALUE|APJC Lithuania
16:01:25.0 (330428085)|WF_RULE_EVAL_VALUE|012w0000000K4sj
16:01:25.0 (330430159)|WF_CRITERIA_END|true
16:01:25.0 (330441812)|WF_CRITERIA_BEGIN|[Industry Group: APJC Lithuania a0A5E000000D10P]|Reg/Div group reporting to changed|01Qw00000007ZTM|ON_ALL_CHANGES|0
16:01:25.0 (330632425)|WF_FORMULA|Formula:ENCODED:[treatNullAsNull]AND( {!ID:RecordType.DeveloperName} = 'Reg_Div_Groups', ISCHANGED( {!ID:00Nw0000009CEk5} ))|Values:RecordType.DeveloperName=Local_Groups, Reporting_to__c=null
16:01:25.0 (330636532)|WF_CRITERIA_END|false
16:01:25.0 (330646832)|WF_CRITERIA_BEGIN|[Industry Group: ICAP South Africa a0A5E000000D10Q]|Reg / Div Group Auto Unique Name|01Qw0000000VGi3|ON_ALL_CHANGES|0
16:01:25.0 (330680334)|WF_RULE_FILTER|[Industry Group : Group Name not equal to ] 
AND [Industry Group : Record Type equals Reg/Div Groups, Draft Reg/Div Group]
16:01:25.0 (330687318)|WF_RULE_EVAL_VALUE|ICAP South Africa
16:01:25.0 (330693284)|WF_RULE_EVAL_VALUE|012w0000000K4sj
16:01:25.0 (330695363)|WF_CRITERIA_END|false
16:01:25.0 (330701621)|WF_CRITERIA_BEGIN|[Industry Group: ICAP South Africa a0A5E000000D10Q]|Local Governance Auto Name|01Qw0000000JNET|ON_ALL_CHANGES|0
16:01:25.0 (330738314)|WF_RULE_FILTER|[Industry Group : Group Name not equal to ] 
AND [Industry Group : Record Type equals Local Groups]
16:01:25.0 (330749374)|WF_RULE_EVAL_VALUE|ICAP South Africa
16:01:25.0 (330761485)|WF_RULE_EVAL_VALUE|012w0000000K4sj
16:01:25.0 (330765129)|WF_CRITERIA_END|true
16:01:25.0 (330782491)|WF_CRITERIA_BEGIN|[Industry Group: ICAP South Africa a0A5E000000D10Q]|Reg/Div group reporting to changed|01Qw00000007ZTM|ON_ALL_CHANGES|0
16:01:25.0 (330902726)|WF_FORMULA|Formula:ENCODED:[treatNullAsNull]AND( {!ID:RecordType.DeveloperName} = 'Reg_Div_Groups', ISCHANGED( {!ID:00Nw0000009CEk5} ))|Values:RecordType.DeveloperName=Local_Groups, Reporting_to__c=null
16:01:25.0 (330906668)|WF_CRITERIA_END|false
16:01:25.0 (330916008)|WF_CRITERIA_BEGIN|[Industry Group: APJC Hong Kong (SAR, China) a0A5E000000D10R]|Reg / Div Group Auto Unique Name|01Qw0000000VGi3|ON_ALL_CHANGES|0
16:01:25.0 (330947608)|WF_RULE_FILTER|[Industry Group : Group Name not equal to ] 
AND [Industry Group : Record Type equals Reg/Div Groups, Draft Reg/Div Group]
16:01:25.0 (330954553)|WF_RULE_EVAL_VALUE|APJC Hong Kong (SAR, China)
16:01:25.0 (330960575)|WF_RULE_EVAL_VALUE|012w0000000K4sj
16:01:25.0 (330963002)|WF_CRITERIA_END|false
16:01:25.0 (330968736)|WF_CRITERIA_BEGIN|[Industry Group: APJC Hong Kong (SAR, China) a0A5E000000D10R]|Local Governance Auto Name|01Qw0000000JNET|ON_ALL_CHANGES|0
16:01:25.0 (330993283)|WF_RULE_FILTER|[Industry Group : Group Name not equal to ] 
AND [Industry Group : Record Type equals Local Groups]
16:01:25.0 (330998956)|WF_RULE_EVAL_VALUE|APJC Hong Kong (SAR, China)
16:01:25.0 (331016698)|WF_RULE_EVAL_VALUE|012w0000000K4sj
16:01:25.0 (331020844)|WF_CRITERIA_END|true
16:01:25.0 (331038333)|WF_CRITERIA_BEGIN|[Industry Group: APJC Hong Kong (SAR, China) a0A5E000000D10R]|Reg/Div group reporting to changed|01Qw00000007ZTM|ON_ALL_CHANGES|0
16:01:25.0 (331192655)|WF_FORMULA|Formula:ENCODED:[treatNullAsNull]AND( {!ID:RecordType.DeveloperName} = 'Reg_Div_Groups', ISCHANGED( {!ID:00Nw0000009CEk5} ))|Values:RecordType.DeveloperName=Local_Groups, Reporting_to__c=null
16:01:25.0 (331198110)|WF_CRITERIA_END|false
16:01:25.0 (331214474)|WF_CRITERIA_BEGIN|[Industry Group: APJC Rwanda a0A5E000000D10S]|Reg / Div Group Auto Unique Name|01Qw0000000VGi3|ON_ALL_CHANGES|0
16:01:25.0 (331248906)|WF_RULE_FILTER|[Industry Group : Group Name not equal to ] 
AND [Industry Group : Record Type equals Reg/Div Groups, Draft Reg/Div Group]
16:01:25.0 (331256489)|WF_RULE_EVAL_VALUE|APJC Rwanda
16:01:25.0 (331262539)|WF_RULE_EVAL_VALUE|012w0000000K4sj
16:01:25.0 (331264641)|WF_CRITERIA_END|false
16:01:25.0 (331270646)|WF_CRITERIA_BEGIN|[Industry Group: APJC Rwanda a0A5E000000D10S]|Local Governance Auto Name|01Qw0000000JNET|ON_ALL_CHANGES|0
16:01:25.0 (331305244)|WF_RULE_FILTER|[Industry Group : Group Name not equal to ] 
AND [Industry Group : Record Type equals Local Groups]
16:01:25.0 (331316232)|WF_RULE_EVAL_VALUE|APJC Rwanda
16:01:25.0 (331337298)|WF_RULE_EVAL_VALUE|012w0000000K4sj
16:01:25.0 (331341084)|WF_CRITERIA_END|true
16:01:25.0 (331358573)|WF_CRITERIA_BEGIN|[Industry Group: APJC Rwanda a0A5E000000D10S]|Reg/Div group reporting to changed|01Qw00000007ZTM|ON_ALL_CHANGES|0
16:01:25.0 (331512569)|WF_FORMULA|Formula:ENCODED:[treatNullAsNull]AND( {!ID:RecordType.DeveloperName} = 'Reg_Div_Groups', ISCHANGED( {!ID:00Nw0000009CEk5} ))|Values:RecordType.DeveloperName=Local_Groups, Reporting_to__c=null
16:01:25.0 (331517337)|WF_CRITERIA_END|false
16:01:25.0 (331530641)|WF_CRITERIA_BEGIN|[Industry Group: APJC Scandinavia (Denmark, Greenland, Iceland, Norway, Sweden) a0A5E000000D10T]|Reg / Div Group Auto Unique Name|01Qw0000000VGi3|ON_ALL_CHANGES|0
16:01:25.0 (331582536)|WF_RULE_FILTER|[Industry Group : Group Name not equal to ] 
AND [Industry Group : Record Type equals Reg/Div Groups, Draft Reg/Div Group]
16:01:25.0 (331593276)|WF_RULE_EVAL_VALUE|APJC Scandinavia (Denmark, Greenland, Iceland, Norway, Sweden)
16:01:25.0 (331603080)|WF_RULE_EVAL_VALUE|012w0000000K4sj
16:01:25.0 (331606398)|WF_CRITERIA_END|false
16:01:25.0 (331617087)|WF_CRITERIA_BEGIN|[Industry Group: APJC Scandinavia (Denmark, Greenland, Iceland, Norway, Sweden) a0A5E000000D10T]|Local Governance Auto Name|01Qw0000000JNET|ON_ALL_CHANGES|0
16:01:25.0 (331674930)|WF_RULE_FILTER|[Industry Group : Group Name not equal to ] 
AND [Industry Group : Record Type equals Local Groups]
16:01:25.0 (331686067)|WF_RULE_EVAL_VALUE|APJC Scandinavia (Denmark, Greenland, Iceland, Norway, Sweden)
16:01:25.0 (331697876)|WF_RULE_EVAL_VALUE|012w0000000K4sj
16:01:25.0 (331701407)|WF_CRITERIA_END|true
16:01:25.0 (331717422)|WF_CRITERIA_BEGIN|[Industry Group: APJC Scandinavia (Denmark, Greenland, Iceland, Norway, Sweden) a0A5E000000D10T]|Reg/Div group reporting to changed|01Qw00000007ZTM|ON_ALL_CHANGES|0
16:01:25.0 (331823048)|WF_FORMULA|Formula:ENCODED:[treatNullAsNull]AND( {!ID:RecordType.DeveloperName} = 'Reg_Div_Groups', ISCHANGED( {!ID:00Nw0000009CEk5} ))|Values:RecordType.DeveloperName=Local_Groups, Reporting_to__c=null
16:01:25.0 (331827076)|WF_CRITERIA_END|false
16:01:25.0 (331836461)|WF_CRITERIA_BEGIN|[Industry Group: APJC Netherlands_old a0A5E000000D10U]|Reg / Div Group Auto Unique Name|01Qw0000000VGi3|ON_ALL_CHANGES|0
16:01:25.0 (331867569)|WF_RULE_FILTER|[Industry Group : Group Name not equal to ] 
AND [Industry Group : Record Type equals Reg/Div Groups, Draft Reg/Div Group]
16:01:25.0 (331874484)|WF_RULE_EVAL_VALUE|APJC Netherlands_old
16:01:25.0 (331880288)|WF_RULE_EVAL_VALUE|012w0000000K4sj
16:01:25.0 (331882339)|WF_CRITERIA_END|false
16:01:25.0 (331888092)|WF_CRITERIA_BEGIN|[Industry Group: APJC Netherlands_old a0A5E000000D10U]|Local Governance Auto Name|01Qw0000000JNET|ON_ALL_CHANGES|0
16:01:25.0 (331912469)|WF_RULE_FILTER|[Industry Group : Group Name not equal to ] 
AND [Industry Group : Record Type equals Local Groups]
16:01:25.0 (331917869)|WF_RULE_EVAL_VALUE|APJC Netherlands_old
16:01:25.0 (331924426)|WF_RULE_EVAL_VALUE|012w0000000K4sj
16:01:25.0 (331926271)|WF_CRITERIA_END|true
16:01:25.0 (331949620)|WF_CRITERIA_BEGIN|[Industry Group: APJC Netherlands_old a0A5E000000D10U]|Reg/Div group reporting to changed|01Qw00000007ZTM|ON_ALL_CHANGES|0
16:01:25.0 (332085897)|WF_FORMULA|Formula:ENCODED:[treatNullAsNull]AND( {!ID:RecordType.DeveloperName} = 'Reg_Div_Groups', ISCHANGED( {!ID:00Nw0000009CEk5} ))|Values:RecordType.DeveloperName=Local_Groups, Reporting_to__c=null
16:01:25.0 (332090868)|WF_CRITERIA_END|false
16:01:25.0 (332099945)|WF_CRITERIA_BEGIN|[Industry Group: APJC Poland a0A5E000000D10V]|Reg / Div Group Auto Unique Name|01Qw0000000VGi3|ON_ALL_CHANGES|0
16:01:25.0 (332130977)|WF_RULE_FILTER|[Industry Group : Group Name not equal to ] 
AND [Industry Group : Record Type equals Reg/Div Groups, Draft Reg/Div Group]
16:01:25.0 (332137699)|WF_RULE_EVAL_VALUE|APJC Poland
16:01:25.0 (332143392)|WF_RULE_EVAL_VALUE|012w0000000K4sj
16:01:25.0 (332145381)|WF_CRITERIA_END|false
16:01:25.0 (332151063)|WF_CRITERIA_BEGIN|[Industry Group: APJC Poland a0A5E000000D10V]|Local Governance Auto Name|01Qw0000000JNET|ON_ALL_CHANGES|0
16:01:25.0 (332181016)|WF_RULE_FILTER|[Industry Group : Group Name not equal to ] 
AND [Industry Group : Record Type equals Local Groups]
16:01:25.0 (332186995)|WF_RULE_EVAL_VALUE|APJC Poland
16:01:25.0 (332193824)|WF_RULE_EVAL_VALUE|012w0000000K4sj
16:01:25.0 (332195950)|WF_CRITERIA_END|true
16:01:25.0 (332205074)|WF_CRITERIA_BEGIN|[Industry Group: APJC Poland a0A5E000000D10V]|Reg/Div group reporting to changed|01Qw00000007ZTM|ON_ALL_CHANGES|0
16:01:25.0 (332353919)|WF_FORMULA|Formula:ENCODED:[treatNullAsNull]AND( {!ID:RecordType.DeveloperName} = 'Reg_Div_Groups', ISCHANGED( {!ID:00Nw0000009CEk5} ))|Values:RecordType.DeveloperName=Local_Groups, Reporting_to__c=null
16:01:25.0 (332358197)|WF_CRITERIA_END|false
16:01:25.0 (332367577)|WF_CRITERIA_BEGIN|[Industry Group: LCAG-P Spain 2015 a0A5E000000D10W]|Reg / Div Group Auto Unique Name|01Qw0000000VGi3|ON_ALL_CHANGES|0
16:01:25.0 (332398314)|WF_RULE_FILTER|[Industry Group : Group Name not equal to ] 
AND [Industry Group : Record Type equals Reg/Div Groups, Draft Reg/Div Group]
16:01:25.0 (332405118)|WF_RULE_EVAL_VALUE|LCAG-P Spain 2015
16:01:25.0 (332410921)|WF_RULE_EVAL_VALUE|012w0000000K4sj
16:01:25.0 (332412897)|WF_CRITERIA_END|false
16:01:25.0 (332418627)|WF_CRITERIA_BEGIN|[Industry Group: LCAG-P Spain 2015 a0A5E000000D10W]|Local Governance Auto Name|01Qw0000000JNET|ON_ALL_CHANGES|0
16:01:25.0 (332446298)|WF_RULE_FILTER|[Industry Group : Group Name not equal to ] 
AND [Industry Group : Record Type equals Local Groups]
16:01:25.0 (332451894)|WF_RULE_EVAL_VALUE|LCAG-P Spain 2015
16:01:25.0 (332458581)|WF_RULE_EVAL_VALUE|012w0000000K4sj
16:01:25.0 (332460347)|WF_CRITERIA_END|true
16:01:25.0 (332469502)|WF_CRITERIA_BEGIN|[Industry Group: LCAG-P Spain 2015 a0A5E000000D10W]|Reg/Div group reporting to changed|01Qw00000007ZTM|ON_ALL_CHANGES|0
16:01:25.0 (332568108)|WF_FORMULA|Formula:ENCODED:[treatNullAsNull]AND( {!ID:RecordType.DeveloperName} = 'Reg_Div_Groups', ISCHANGED( {!ID:00Nw0000009CEk5} ))|Values:RecordType.DeveloperName=Local_Groups, Reporting_to__c=null
16:01:25.0 (332571711)|WF_CRITERIA_END|false
16:01:25.0 (332580565)|WF_CRITERIA_BEGIN|[Industry Group: LCAG-P Portugal 2015 a0A5E000000D10X]|Reg / Div Group Auto Unique Name|01Qw0000000VGi3|ON_ALL_CHANGES|0
16:01:25.0 (332631852)|WF_RULE_FILTER|[Industry Group : Group Name not equal to ] 
AND [Industry Group : Record Type equals Reg/Div Groups, Draft Reg/Div Group]
16:01:25.0 (332643619)|WF_RULE_EVAL_VALUE|LCAG-P Portugal 2015
16:01:25.0 (332654311)|WF_RULE_EVAL_VALUE|012w0000000K4sj
16:01:25.0 (332657719)|WF_CRITERIA_END|false
16:01:25.0 (332669188)|WF_CRITERIA_BEGIN|[Industry Group: LCAG-P Portugal 2015 a0A5E000000D10X]|Local Governance Auto Name|01Qw0000000JNET|ON_ALL_CHANGES|0
16:01:25.0 (332712360)|WF_RULE_FILTER|[Industry Group : Group Name not equal to ] 
AND [Industry Group : Record Type equals Local Groups]
16:01:25.0 (332719829)|WF_RULE_EVAL_VALUE|LCAG-P Portugal 2015
16:01:25.0 (332727161)|WF_RULE_EVAL_VALUE|012w0000000K4sj
16:01:25.0 (332729176)|WF_CRITERIA_END|true
16:01:25.0 (332738696)|WF_CRITERIA_BEGIN|[Industry Group: LCAG-P Portugal 2015 a0A5E000000D10X]|Reg/Div group reporting to changed|01Qw00000007ZTM|ON_ALL_CHANGES|0
16:01:25.0 (332838832)|WF_FORMULA|Formula:ENCODED:[treatNullAsNull]AND( {!ID:RecordType.DeveloperName} = 'Reg_Div_Groups', ISCHANGED( {!ID:00Nw0000009CEk5} ))|Values:RecordType.DeveloperName=Local_Groups, Reporting_to__c=null
16:01:25.0 (332843099)|WF_CRITERIA_END|false
16:01:25.0 (332860178)|WF_SPOOL_ACTION_BEGIN|Workflow
16:01:25.0 (334514191)|WF_FIELD_UPDATE|[Industry Group: CEC-NZ a0A5E000000D10N]|Field:Industry Group: Group Name|Value: - CEC - INACTIVE|Id=04Yw0000000LhRU|CurrentRule:Local Governance Auto Name (Id=01Qw0000000JNET)
16:01:25.0 (334693763)|WF_FIELD_UPDATE|[Industry Group: 12th APJC a0A5E000000D10O]|Field:Industry Group: Group Name|Value: - APJC - INACTIVE|Id=04Yw0000000LhRU|CurrentRule:Local Governance Auto Name (Id=01Qw0000000JNET)
16:01:25.0 (334901689)|WF_FIELD_UPDATE|[Industry Group: APJC Lithuania a0A5E000000D10P]|Field:Industry Group: Group Name|Value: - APJC - INACTIVE|Id=04Yw0000000LhRU|CurrentRule:Local Governance Auto Name (Id=01Qw0000000JNET)
16:01:25.0 (335085378)|WF_FIELD_UPDATE|[Industry Group: ICAP South Africa a0A5E000000D10Q]|Field:Industry Group: Group Name|Value: - ICAP - INACTIVE|Id=04Yw0000000LhRU|CurrentRule:Local Governance Auto Name (Id=01Qw0000000JNET)
16:01:25.0 (335269067)|WF_FIELD_UPDATE|[Industry Group: APJC Hong Kong (SAR, China) a0A5E000000D10R]|Field:Industry Group: Group Name|Value: - APJC - INACTIVE|Id=04Yw0000000LhRU|CurrentRule:Local Governance Auto Name (Id=01Qw0000000JNET)
16:01:25.0 (335472814)|WF_FIELD_UPDATE|[Industry Group: APJC Rwanda a0A5E000000D10S]|Field:Industry Group: Group Name|Value: - APJC - INACTIVE|Id=04Yw0000000LhRU|CurrentRule:Local Governance Auto Name (Id=01Qw0000000JNET)
16:01:25.0 (335638163)|WF_FIELD_UPDATE|[Industry Group: APJC Scandinavia (Denmark, Greenland, Iceland, Norway, Sweden) a0A5E000000D10T]|Field:Industry Group: Group Name|Value: - APJC - INACTIVE|Id=04Yw0000000LhRU|CurrentRule:Local Governance Auto Name (Id=01Qw0000000JNET)
16:01:25.0 (335828477)|WF_FIELD_UPDATE|[Industry Group: APJC Netherlands_old a0A5E000000D10U]|Field:Industry Group: Group Name|Value: - APJC - INACTIVE|Id=04Yw0000000LhRU|CurrentRule:Local Governance Auto Name (Id=01Qw0000000JNET)
16:01:25.0 (336030652)|WF_FIELD_UPDATE|[Industry Group: APJC Poland a0A5E000000D10V]|Field:Industry Group: Group Name|Value: - APJC - INACTIVE|Id=04Yw0000000LhRU|CurrentRule:Local Governance Auto Name (Id=01Qw0000000JNET)
16:01:25.0 (336191713)|WF_FIELD_UPDATE|[Industry Group: LCAG-P Spain 2015 a0A5E000000D10W]|Field:Industry Group: Group Name|Value: - LCAG-P - INACTIVE|Id=04Yw0000000LhRU|CurrentRule:Local Governance Auto Name (Id=01Qw0000000JNET)
16:01:25.0 (336395501)|WF_FIELD_UPDATE|[Industry Group: LCAG-P Portugal 2015 a0A5E000000D10X]|Field:Industry Group: Group Name|Value: - LCAG-P - INACTIVE|Id=04Yw0000000LhRU|CurrentRule:Local Governance Auto Name (Id=01Qw0000000JNET)
16:01:25.0 (336465150)|WF_ACTION| Field Update: 22;
16:01:25.0 (336469174)|WF_RULE_EVAL_END
16:01:25.0 (337729265)|CODE_UNIT_STARTED|[EXTERNAL]|01qw0000000J40x|LocalGroupTrigger on LocalGovernance trigger event BeforeUpdate for [a0A5E000000D10N, a0A5E000000D10O, a0A5E000000D10P, a0A5E000000D10Q, a0A5E000000D10R, a0A5E000000D10S, a0A5E000000D10T, a0A5E000000D10U, a0A5E000000D10V, a0A5E000000D10W, a0A5E000000D10X]
16:01:25.0 (338117517)|SOQL_EXECUTE_BEGIN|[3]|Aggregations:0|SELECT Id FROM Profile WHERE Name = 'System Administrator' LIMIT 1
16:01:25.0 (340087849)|SOQL_EXECUTE_END|[3]|Rows:1
16:01:25.342 (342926067)|CUMULATIVE_LIMIT_USAGE
16:01:25.342 (342926067)|LIMIT_USAGE_FOR_NS|(default)|
  Number of SOQL queries: 4 out of 100
  Number of query rows: 2 out of 50000
  Number of SOSL queries: 0 out of 20
  Number of DML statements: 0 out of 150
  Number of DML rows: 0 out of 10000
  Maximum CPU time: 134 out of 10000
  Maximum heap size: 0 out of 6000000
  Number of callouts: 0 out of 100
  Number of Email Invocations: 0 out of 10
  Number of future calls: 0 out of 50
  Number of queueable jobs added to the queue: 0 out of 50
  Number of Mobile Apex push calls: 0 out of 10

16:01:25.342 (342926067)|CUMULATIVE_LIMIT_USAGE_END

16:01:25.0 (343901130)|CODE_UNIT_FINISHED|LocalGroupTrigger on LocalGovernance trigger event BeforeUpdate for [a0A5E000000D10N, a0A5E000000D10O, a0A5E000000D10P, a0A5E000000D10Q, a0A5E000000D10R, a0A5E000000D10S, a0A5E000000D10T, a0A5E000000D10U, a0A5E000000D10V, a0A5E000000D10W, a0A5E000000D10X]
16:01:25.0 (378740026)|WF_ACTIONS_END| Field Update: 22;
16:01:25.0 (378753259)|CODE_UNIT_FINISHED|Workflow:01I20000000U8YX
16:01:25.0 (388887757)|CODE_UNIT_STARTED|[EXTERNAL]|01qw0000000J40x|LocalGroupTrigger on LocalGovernance trigger event BeforeInsert for [new, new, new, new, new, new, new, new, new, new, new]
16:01:25.0 (389421271)|SOQL_EXECUTE_BEGIN|[3]|Aggregations:0|SELECT Id FROM Profile WHERE Name = 'System Administrator' LIMIT 1
16:01:25.0 (391535796)|SOQL_EXECUTE_END|[3]|Rows:1
16:01:25.0 (392635797)|SOQL_EXECUTE_BEGIN|[24]|Aggregations:0|SELECT Name, Region__c, Country_Manager__c, ISS_Office_Location__c FROM IATA_ISO_Country__c WHERE ID = :tmpVar1
16:01:25.0 (393612756)|SOQL_EXECUTE_END|[24]|Rows:0
16:01:25.0 (394219327)|SOQL_EXECUTE_BEGIN|[40]|Aggregations:0|SELECT Name, Region__c, Country_Manager__c, IATA_Local_Office__c FROM Cluster__c WHERE ID = :tmpVar1
16:01:25.0 (395129500)|SOQL_EXECUTE_END|[40]|Rows:0
16:01:25.396 (396384040)|CUMULATIVE_LIMIT_USAGE
16:01:25.396 (396384040)|LIMIT_USAGE_FOR_NS|(default)|
  Number of SOQL queries: 3 out of 100
  Number of query rows: 1 out of 50000
  Number of SOSL queries: 0 out of 20
  Number of DML statements: 0 out of 150
  Number of DML rows: 0 out of 10000
  Maximum CPU time: 0 out of 10000
  Maximum heap size: 0 out of 6000000
  Number of callouts: 0 out of 100
  Number of Email Invocations: 0 out of 10
  Number of future calls: 0 out of 50
  Number of queueable jobs added to the queue: 0 out of 50
  Number of Mobile Apex push calls: 0 out of 10

16:01:25.396 (396384040)|CUMULATIVE_LIMIT_USAGE_END

16:01:25.0 (397321911)|CODE_UNIT_FINISHED|LocalGroupTrigger on LocalGovernance trigger event BeforeInsert for [new, new, new, new, new, new, new, new, new, new, new]
16:01:25.0 (400133718)|CODE_UNIT_STARTED|[EXTERNAL]|Validation:LocalGovernance:new
16:01:25.0 (400141384)|VALIDATION_RULE|03dw0000000MHXq|Cannot_change_if_inactive_group
16:01:25.0 (400518725)|VALIDATION_FORMULA|AND(
  Active__c=false,
  OR(
    ISCHANGED(Cargo_Passenger__c),
    ISCHANGED(Local_Governance_type__c),
    ISCHANGED(Group_Owner__c),
    ISCHANGED(Country__c),
    ISCHANGED(Cluster__c)
  )
)|Group_Owner__c=null , Cluster__c=null , Country__c=null , Active__c=0 , Cargo_Passenger__c=null , Local_Governance_type__c=CEC
16:01:25.0 (400525190)|VALIDATION_PASS
16:01:25.0 (400527105)|VALIDATION_RULE|03dw0000000ULGi|Either_a_Division_or_a_Region
16:01:25.0 (400729110)|VALIDATION_FORMULA|AND(
  RecordType.DeveloperName = "Reg_Div_Groups",

   NOT(ISPICKVAL(Region__c, "N/A")),
   NOT(ISPICKVAL(Division__c, "N/A"))


)|Region__c=Asia Pacific , RecordType.DeveloperName=Local_Groups , Division__c=null
16:01:25.0 (400745100)|VALIDATION_PASS
16:01:25.0 (400747575)|VALIDATION_RULE|03dw0000000ULGj|Name_of_Reg_Div_Group_cant_be_modified
16:01:25.0 (400951025)|VALIDATION_FORMULA|AND(
  RecordType.DeveloperName = "Reg_Div_Groups",
  ISCHANGED(Name)
)|RecordType.DeveloperName=Local_Groups , Name=CEC-NZ
16:01:25.0 (400957078)|VALIDATION_PASS
16:01:25.0 (400982186)|CODE_UNIT_FINISHED|Validation:LocalGovernance:new
16:01:25.0 (401000823)|CODE_UNIT_STARTED|[EXTERNAL]|Validation:LocalGovernance:new
16:01:25.0 (401005393)|VALIDATION_RULE|03dw0000000MHXq|Cannot_change_if_inactive_group
16:01:25.0 (401331871)|VALIDATION_FORMULA|AND(
  Active__c=false,
  OR(
    ISCHANGED(Cargo_Passenger__c),
    ISCHANGED(Local_Governance_type__c),
    ISCHANGED(Group_Owner__c),
    ISCHANGED(Country__c),
    ISCHANGED(Cluster__c)
  )
)|Group_Owner__c=null , Cluster__c=null , Country__c=null , Active__c=0 , Cargo_Passenger__c=null , Local_Governance_type__c=APJC
16:01:25.0 (401337578)|VALIDATION_PASS
16:01:25.0 (401339034)|VALIDATION_RULE|03dw0000000ULGi|Either_a_Division_or_a_Region
16:01:25.0 (401573679)|VALIDATION_FORMULA|AND(
  RecordType.DeveloperName = "Reg_Div_Groups",

   NOT(ISPICKVAL(Region__c, "N/A")),
   NOT(ISPICKVAL(Division__c, "N/A"))


)|Region__c=Asia Pacific , RecordType.DeveloperName=Local_Groups , Division__c=null
16:01:25.0 (401579504)|VALIDATION_PASS
16:01:25.0 (401581076)|VALIDATION_RULE|03dw0000000ULGj|Name_of_Reg_Div_Group_cant_be_modified
16:01:25.0 (401702743)|VALIDATION_FORMULA|AND(
  RecordType.DeveloperName = "Reg_Div_Groups",
  ISCHANGED(Name)
)|RecordType.DeveloperName=Local_Groups , Name=12th APJC
16:01:25.0 (401707627)|VALIDATION_PASS
16:01:25.0 (401728812)|CODE_UNIT_FINISHED|Validation:LocalGovernance:new
16:01:25.0 (401746767)|CODE_UNIT_STARTED|[EXTERNAL]|Validation:LocalGovernance:new
16:01:25.0 (401750556)|VALIDATION_RULE|03dw0000000MHXq|Cannot_change_if_inactive_group
16:01:25.0 (402306202)|VALIDATION_FORMULA|AND(
  Active__c=false,
  OR(
    ISCHANGED(Cargo_Passenger__c),
    ISCHANGED(Local_Governance_type__c),
    ISCHANGED(Group_Owner__c),
    ISCHANGED(Country__c),
    ISCHANGED(Cluster__c)
  )
)|Group_Owner__c=null , Cluster__c=null , Country__c=null , Active__c=0 , Cargo_Passenger__c=null , Local_Governance_type__c=APJC
16:01:25.0 (402312876)|VALIDATION_PASS
16:01:25.0 (402314450)|VALIDATION_RULE|03dw0000000ULGi|Either_a_Division_or_a_Region
16:01:25.0 (402596707)|VALIDATION_FORMULA|AND(
  RecordType.DeveloperName = "Reg_Div_Groups",

   NOT(ISPICKVAL(Region__c, "N/A")),
   NOT(ISPICKVAL(Division__c, "N/A"))


)|Region__c=Europe , RecordType.DeveloperName=Local_Groups , Division__c=null
16:01:25.0 (402602541)|VALIDATION_PASS
16:01:25.0 (402604082)|VALIDATION_RULE|03dw0000000ULGj|Name_of_Reg_Div_Group_cant_be_modified
16:01:25.0 (402780122)|VALIDATION_FORMULA|AND(
  RecordType.DeveloperName = "Reg_Div_Groups",
  ISCHANGED(Name)
)|RecordType.DeveloperName=Local_Groups , Name=APJC Lithuania
16:01:25.0 (402785258)|VALIDATION_PASS
16:01:25.0 (402807255)|CODE_UNIT_FINISHED|Validation:LocalGovernance:new
16:01:25.0 (402825648)|CODE_UNIT_STARTED|[EXTERNAL]|Validation:LocalGovernance:new
16:01:25.0 (402829418)|VALIDATION_RULE|03dw0000000MHXq|Cannot_change_if_inactive_group
16:01:25.0 (403323141)|VALIDATION_FORMULA|AND(
  Active__c=false,
  OR(
    ISCHANGED(Cargo_Passenger__c),
    ISCHANGED(Local_Governance_type__c),
    ISCHANGED(Group_Owner__c),
    ISCHANGED(Country__c),
    ISCHANGED(Cluster__c)
  )
)|Group_Owner__c=null , Cluster__c=null , Country__c=null , Active__c=0 , Cargo_Passenger__c=null , Local_Governance_type__c=ICAP
16:01:25.0 (403340706)|VALIDATION_PASS
16:01:25.0 (403343214)|VALIDATION_RULE|03dw0000000ULGi|Either_a_Division_or_a_Region
16:01:25.0 (403716872)|VALIDATION_FORMULA|AND(
  RecordType.DeveloperName = "Reg_Div_Groups",

   NOT(ISPICKVAL(Region__c, "N/A")),
   NOT(ISPICKVAL(Division__c, "N/A"))


)|Region__c=null , RecordType.DeveloperName=Local_Groups , Division__c=null
16:01:25.0 (403722910)|VALIDATION_PASS
16:01:25.0 (403724492)|VALIDATION_RULE|03dw0000000ULGj|Name_of_Reg_Div_Group_cant_be_modified
16:01:25.0 (403855400)|VALIDATION_FORMULA|AND(
  RecordType.DeveloperName = "Reg_Div_Groups",
  ISCHANGED(Name)
)|RecordType.DeveloperName=Local_Groups , Name=ICAP South Africa
16:01:25.0 (403860081)|VALIDATION_PASS
16:01:25.0 (403882026)|CODE_UNIT_FINISHED|Validation:LocalGovernance:new
16:01:25.0 (403908921)|CODE_UNIT_STARTED|[EXTERNAL]|Validation:LocalGovernance:new
16:01:25.0 (403915299)|VALIDATION_RULE|03dw0000000MHXq|Cannot_change_if_inactive_group
16:01:25.0 (404342839)|VALIDATION_FORMULA|AND(
  Active__c=false,
  OR(
    ISCHANGED(Cargo_Passenger__c),
    ISCHANGED(Local_Governance_type__c),
    ISCHANGED(Group_Owner__c),
    ISCHANGED(Country__c),
    ISCHANGED(Cluster__c)
  )
)|Group_Owner__c=null , Cluster__c=null , Country__c=null , Active__c=0 , Cargo_Passenger__c=null , Local_Governance_type__c=APJC
16:01:25.0 (404349654)|VALIDATION_PASS
16:01:25.0 (404351350)|VALIDATION_RULE|03dw0000000ULGi|Either_a_Division_or_a_Region
16:01:25.0 (404638508)|VALIDATION_FORMULA|AND(
  RecordType.DeveloperName = "Reg_Div_Groups",

   NOT(ISPICKVAL(Region__c, "N/A")),
   NOT(ISPICKVAL(Division__c, "N/A"))


)|Region__c=China & North Asia , RecordType.DeveloperName=Local_Groups , Division__c=null
16:01:25.0 (404644576)|VALIDATION_PASS
16:01:25.0 (404646213)|VALIDATION_RULE|03dw0000000ULGj|Name_of_Reg_Div_Group_cant_be_modified
16:01:25.0 (404772042)|VALIDATION_FORMULA|AND(
  RecordType.DeveloperName = "Reg_Div_Groups",
  ISCHANGED(Name)
)|RecordType.DeveloperName=Local_Groups , Name=APJC Hong Kong (SAR, China)
16:01:25.0 (404777001)|VALIDATION_PASS
16:01:25.0 (404797836)|CODE_UNIT_FINISHED|Validation:LocalGovernance:new
16:01:25.0 (404828755)|CODE_UNIT_STARTED|[EXTERNAL]|Validation:LocalGovernance:new
16:01:25.0 (404835020)|VALIDATION_RULE|03dw0000000MHXq|Cannot_change_if_inactive_group
16:01:25.0 (405276319)|VALIDATION_FORMULA|AND(
  Active__c=false,
  OR(
    ISCHANGED(Cargo_Passenger__c),
    ISCHANGED(Local_Governance_type__c),
    ISCHANGED(Group_Owner__c),
    ISCHANGED(Country__c),
    ISCHANGED(Cluster__c)
  )
)|Group_Owner__c=null , Cluster__c=null , Country__c=null , Active__c=0 , Cargo_Passenger__c=null , Local_Governance_type__c=APJC
16:01:25.0 (405285366)|VALIDATION_PASS
16:01:25.0 (405288323)|VALIDATION_RULE|03dw0000000ULGi|Either_a_Division_or_a_Region
16:01:25.0 (405634296)|VALIDATION_FORMULA|AND(
  RecordType.DeveloperName = "Reg_Div_Groups",

   NOT(ISPICKVAL(Region__c, "N/A")),
   NOT(ISPICKVAL(Division__c, "N/A"))


)|Region__c=Africa & Middle East , RecordType.DeveloperName=Local_Groups , Division__c=null
16:01:25.0 (405641136)|VALIDATION_PASS
16:01:25.0 (405643322)|VALIDATION_RULE|03dw0000000ULGj|Name_of_Reg_Div_Group_cant_be_modified
16:01:25.0 (405848685)|VALIDATION_FORMULA|AND(
  RecordType.DeveloperName = "Reg_Div_Groups",
  ISCHANGED(Name)
)|RecordType.DeveloperName=Local_Groups , Name=APJC Rwanda
16:01:25.0 (405855853)|VALIDATION_PASS
16:01:25.0 (405882731)|CODE_UNIT_FINISHED|Validation:LocalGovernance:new
16:01:25.0 (405904815)|CODE_UNIT_STARTED|[EXTERNAL]|Validation:LocalGovernance:new
16:01:25.0 (405909751)|VALIDATION_RULE|03dw0000000MHXq|Cannot_change_if_inactive_group
16:01:25.0 (406327757)|VALIDATION_FORMULA|AND(
  Active__c=false,
  OR(
    ISCHANGED(Cargo_Passenger__c),
    ISCHANGED(Local_Governance_type__c),
    ISCHANGED(Group_Owner__c),
    ISCHANGED(Country__c),
    ISCHANGED(Cluster__c)
  )
)|Group_Owner__c=null , Cluster__c=null , Country__c=null , Active__c=0 , Cargo_Passenger__c=null , Local_Governance_type__c=APJC
16:01:25.0 (406334184)|VALIDATION_PASS
16:01:25.0 (406335778)|VALIDATION_RULE|03dw0000000ULGi|Either_a_Division_or_a_Region
16:01:25.0 (406569057)|VALIDATION_FORMULA|AND(
  RecordType.DeveloperName = "Reg_Div_Groups",

   NOT(ISPICKVAL(Region__c, "N/A")),
   NOT(ISPICKVAL(Division__c, "N/A"))


)|Region__c=Europe , RecordType.DeveloperName=Local_Groups , Division__c=null
16:01:25.0 (406574461)|VALIDATION_PASS
16:01:25.0 (406575954)|VALIDATION_RULE|03dw0000000ULGj|Name_of_Reg_Div_Group_cant_be_modified
16:01:25.0 (406717041)|VALIDATION_FORMULA|AND(
  RecordType.DeveloperName = "Reg_Div_Groups",
  ISCHANGED(Name)
)|RecordType.DeveloperName=Local_Groups , Name=APJC Scandinavia (Denmark, Greenland, Iceland, Norway, Sweden)
16:01:25.0 (406723667)|VALIDATION_PASS
16:01:25.0 (406751082)|CODE_UNIT_FINISHED|Validation:LocalGovernance:new
16:01:25.0 (406776395)|CODE_UNIT_STARTED|[EXTERNAL]|Validation:LocalGovernance:new
16:01:25.0 (406782624)|VALIDATION_RULE|03dw0000000MHXq|Cannot_change_if_inactive_group
16:01:25.0 (407158384)|VALIDATION_FORMULA|AND(
  Active__c=false,
  OR(
    ISCHANGED(Cargo_Passenger__c),
    ISCHANGED(Local_Governance_type__c),
    ISCHANGED(Group_Owner__c),
    ISCHANGED(Country__c),
    ISCHANGED(Cluster__c)
  )
)|Group_Owner__c=null , Cluster__c=null , Country__c=null , Active__c=0 , Cargo_Passenger__c=null , Local_Governance_type__c=APJC
16:01:25.0 (407169090)|VALIDATION_PASS
16:01:25.0 (407170672)|VALIDATION_RULE|03dw0000000ULGi|Either_a_Division_or_a_Region
16:01:25.0 (407519637)|VALIDATION_FORMULA|AND(
  RecordType.DeveloperName = "Reg_Div_Groups",

   NOT(ISPICKVAL(Region__c, "N/A")),
   NOT(ISPICKVAL(Division__c, "N/A"))


)|Region__c=Europe , RecordType.DeveloperName=Local_Groups , Division__c=null
16:01:25.0 (407526846)|VALIDATION_PASS
16:01:25.0 (407529233)|VALIDATION_RULE|03dw0000000ULGj|Name_of_Reg_Div_Group_cant_be_modified
16:01:25.0 (407707264)|VALIDATION_FORMULA|AND(
  RecordType.DeveloperName = "Reg_Div_Groups",
  ISCHANGED(Name)
)|RecordType.DeveloperName=Local_Groups , Name=APJC Netherlands_old
16:01:25.0 (407712207)|VALIDATION_PASS
16:01:25.0 (407733450)|CODE_UNIT_FINISHED|Validation:LocalGovernance:new
16:01:25.0 (407751814)|CODE_UNIT_STARTED|[EXTERNAL]|Validation:LocalGovernance:new
16:01:25.0 (407755609)|VALIDATION_RULE|03dw0000000MHXq|Cannot_change_if_inactive_group
16:01:25.0 (408198183)|VALIDATION_FORMULA|AND(
  Active__c=false,
  OR(
    ISCHANGED(Cargo_Passenger__c),
    ISCHANGED(Local_Governance_type__c),
    ISCHANGED(Group_Owner__c),
    ISCHANGED(Country__c),
    ISCHANGED(Cluster__c)
  )
)|Group_Owner__c=null , Cluster__c=null , Country__c=null , Active__c=0 , Cargo_Passenger__c=null , Local_Governance_type__c=APJC
16:01:25.0 (408207102)|VALIDATION_PASS
16:01:25.0 (408209308)|VALIDATION_RULE|03dw0000000ULGi|Either_a_Division_or_a_Region
16:01:25.0 (408608898)|VALIDATION_FORMULA|AND(
  RecordType.DeveloperName = "Reg_Div_Groups",

   NOT(ISPICKVAL(Region__c, "N/A")),
   NOT(ISPICKVAL(Division__c, "N/A"))


)|Region__c=Europe , RecordType.DeveloperName=Local_Groups , Division__c=null
16:01:25.0 (408616560)|VALIDATION_PASS
16:01:25.0 (408618782)|VALIDATION_RULE|03dw0000000ULGj|Name_of_Reg_Div_Group_cant_be_modified
16:01:25.0 (408812118)|VALIDATION_FORMULA|AND(
  RecordType.DeveloperName = "Reg_Div_Groups",
  ISCHANGED(Name)
)|RecordType.DeveloperName=Local_Groups , Name=APJC Poland
16:01:25.0 (408819620)|VALIDATION_PASS
16:01:25.0 (408849212)|CODE_UNIT_FINISHED|Validation:LocalGovernance:new
16:01:25.0 (408874721)|CODE_UNIT_STARTED|[EXTERNAL]|Validation:LocalGovernance:new
16:01:25.0 (408881355)|VALIDATION_RULE|03dw0000000MHXq|Cannot_change_if_inactive_group
16:01:25.0 (409380559)|VALIDATION_FORMULA|AND(
  Active__c=false,
  OR(
    ISCHANGED(Cargo_Passenger__c),
    ISCHANGED(Local_Governance_type__c),
    ISCHANGED(Group_Owner__c),
    ISCHANGED(Country__c),
    ISCHANGED(Cluster__c)
  )
)|Group_Owner__c=null , Cluster__c=null , Country__c=null , Active__c=0 , Cargo_Passenger__c=null , Local_Governance_type__c=LCAG-P
16:01:25.0 (409387357)|VALIDATION_PASS
16:01:25.0 (409389258)|VALIDATION_RULE|03dw0000000ULGi|Either_a_Division_or_a_Region
16:01:25.0 (409632711)|VALIDATION_FORMULA|AND(
  RecordType.DeveloperName = "Reg_Div_Groups",

   NOT(ISPICKVAL(Region__c, "N/A")),
   NOT(ISPICKVAL(Division__c, "N/A"))


)|Region__c=Europe , RecordType.DeveloperName=Local_Groups , Division__c=null
16:01:25.0 (409638391)|VALIDATION_PASS
16:01:25.0 (409639904)|VALIDATION_RULE|03dw0000000ULGj|Name_of_Reg_Div_Group_cant_be_modified
16:01:25.0 (409779052)|VALIDATION_FORMULA|AND(
  RecordType.DeveloperName = "Reg_Div_Groups",
  ISCHANGED(Name)
)|RecordType.DeveloperName=Local_Groups , Name=LCAG-P Spain 2015
16:01:25.0 (409784051)|VALIDATION_PASS
16:01:25.0 (409805050)|CODE_UNIT_FINISHED|Validation:LocalGovernance:new
16:01:25.0 (409823137)|CODE_UNIT_STARTED|[EXTERNAL]|Validation:LocalGovernance:new
16:01:25.0 (409836252)|VALIDATION_RULE|03dw0000000MHXq|Cannot_change_if_inactive_group
16:01:25.0 (410364032)|VALIDATION_FORMULA|AND(
  Active__c=false,
  OR(
    ISCHANGED(Cargo_Passenger__c),
    ISCHANGED(Local_Governance_type__c),
    ISCHANGED(Group_Owner__c),
    ISCHANGED(Country__c),
    ISCHANGED(Cluster__c)
  )
)|Group_Owner__c=null , Cluster__c=null , Country__c=null , Active__c=0 , Cargo_Passenger__c=null , Local_Governance_type__c=LCAG-P
16:01:25.0 (410370978)|VALIDATION_PASS
16:01:25.0 (410372488)|VALIDATION_RULE|03dw0000000ULGi|Either_a_Division_or_a_Region
16:01:25.0 (410649821)|VALIDATION_FORMULA|AND(
  RecordType.DeveloperName = "Reg_Div_Groups",

   NOT(ISPICKVAL(Region__c, "N/A")),
   NOT(ISPICKVAL(Division__c, "N/A"))


)|Region__c=Europe , RecordType.DeveloperName=Local_Groups , Division__c=null
16:01:25.0 (410655730)|VALIDATION_PASS
16:01:25.0 (410657140)|VALIDATION_RULE|03dw0000000ULGj|Name_of_Reg_Div_Group_cant_be_modified
16:01:25.0 (410824741)|VALIDATION_FORMULA|AND(
  RecordType.DeveloperName = "Reg_Div_Groups",
  ISCHANGED(Name)
)|RecordType.DeveloperName=Local_Groups , Name=LCAG-P Portugal 2015
16:01:25.0 (410830024)|VALIDATION_PASS
16:01:25.0 (410851098)|CODE_UNIT_FINISHED|Validation:LocalGovernance:new
16:01:25.0 (434087780)|CODE_UNIT_STARTED|[EXTERNAL]|Workflow:01I20000000U8YX
16:01:25.0 (438284965)|WF_RULE_EVAL_BEGIN|Workflow
16:01:25.0 (438313871)|WF_CRITERIA_BEGIN|[Industry Group: CEC-NZ a0A5E000000D10Y]|Reg / Div Group Auto Unique Name|01Qw0000000VGi3|ON_ALL_CHANGES|0
16:01:25.0 (438406436)|WF_RULE_FILTER|[Industry Group : Group Name not equal to ] 
AND [Industry Group : Record Type equals Reg/Div Groups, Draft Reg/Div Group]
16:01:25.0 (438425415)|WF_RULE_EVAL_VALUE|CEC-NZ
16:01:25.0 (438442904)|WF_RULE_EVAL_VALUE|012w0000000K4sj
16:01:25.0 (438448006)|WF_CRITERIA_END|false
16:01:25.0 (438464374)|WF_CRITERIA_BEGIN|[Industry Group: CEC-NZ a0A5E000000D10Y]|Local Governance Auto Name|01Qw0000000JNET|ON_ALL_CHANGES|0
16:01:25.0 (438498031)|WF_RULE_FILTER|[Industry Group : Group Name not equal to ] 
AND [Industry Group : Record Type equals Local Groups]
16:01:25.0 (438505147)|WF_RULE_EVAL_VALUE|CEC-NZ
16:01:25.0 (438512884)|WF_RULE_EVAL_VALUE|012w0000000K4sj
16:01:25.0 (438515285)|WF_CRITERIA_END|true
16:01:25.0 (438531441)|WF_CRITERIA_BEGIN|[Industry Group: CEC-NZ a0A5E000000D10Y]|Reg/Div group reporting to changed|01Qw00000007ZTM|ON_ALL_CHANGES|0
16:01:25.0 (438730308)|WF_FORMULA|Formula:ENCODED:[treatNullAsNull]AND( {!ID:RecordType.DeveloperName} = 'Reg_Div_Groups', ISCHANGED( {!ID:00Nw0000009CEk5} ))|Values:RecordType.DeveloperName=Local_Groups, Reporting_to__c=null
16:01:25.0 (438734953)|WF_CRITERIA_END|false
16:01:25.0 (438745232)|WF_CRITERIA_BEGIN|[Industry Group: 12th APJC a0A5E000000D10Z]|Reg / Div Group Auto Unique Name|01Qw0000000VGi3|ON_ALL_CHANGES|0
16:01:25.0 (438777422)|WF_RULE_FILTER|[Industry Group : Group Name not equal to ] 
AND [Industry Group : Record Type equals Reg/Div Groups, Draft Reg/Div Group]
16:01:25.0 (438784537)|WF_RULE_EVAL_VALUE|12th APJC
16:01:25.0 (438790636)|WF_RULE_EVAL_VALUE|012w0000000K4sj
16:01:25.0 (438792781)|WF_CRITERIA_END|false
16:01:25.0 (438798766)|WF_CRITERIA_BEGIN|[Industry Group: 12th APJC a0A5E000000D10Z]|Local Governance Auto Name|01Qw0000000JNET|ON_ALL_CHANGES|0
16:01:25.0 (438823828)|WF_RULE_FILTER|[Industry Group : Group Name not equal to ] 
AND [Industry Group : Record Type equals Local Groups]
16:01:25.0 (438829449)|WF_RULE_EVAL_VALUE|12th APJC
16:01:25.0 (438836381)|WF_RULE_EVAL_VALUE|012w0000000K4sj
16:01:25.0 (438838443)|WF_CRITERIA_END|true
16:01:25.0 (438847866)|WF_CRITERIA_BEGIN|[Industry Group: 12th APJC a0A5E000000D10Z]|Reg/Div group reporting to changed|01Qw00000007ZTM|ON_ALL_CHANGES|0
16:01:25.0 (438951773)|WF_FORMULA|Formula:ENCODED:[treatNullAsNull]AND( {!ID:RecordType.DeveloperName} = 'Reg_Div_Groups', ISCHANGED( {!ID:00Nw0000009CEk5} ))|Values:RecordType.DeveloperName=Local_Groups, Reporting_to__c=null
16:01:25.0 (438955709)|WF_CRITERIA_END|false
16:01:25.0 (438964264)|WF_CRITERIA_BEGIN|[Industry Group: APJC Lithuania a0A5E000000D10a]|Reg / Div Group Auto Unique Name|01Qw0000000VGi3|ON_ALL_CHANGES|0
16:01:25.0 (438995638)|WF_RULE_FILTER|[Industry Group : Group Name not equal to ] 
AND [Industry Group : Record Type equals Reg/Div Groups, Draft Reg/Div Group]
16:01:25.0 (439002864)|WF_RULE_EVAL_VALUE|APJC Lithuania
16:01:25.0 (439012386)|WF_RULE_EVAL_VALUE|012w0000000K4sj
16:01:25.0 (439015027)|WF_CRITERIA_END|false
16:01:25.0 (439022461)|WF_CRITERIA_BEGIN|[Industry Group: APJC Lithuania a0A5E000000D10a]|Local Governance Auto Name|01Qw0000000JNET|ON_ALL_CHANGES|0
16:01:25.0 (439073325)|WF_RULE_FILTER|[Industry Group : Group Name not equal to ] 
AND [Industry Group : Record Type equals Local Groups]
16:01:25.0 (439084655)|WF_RULE_EVAL_VALUE|APJC Lithuania
16:01:25.0 (439096297)|WF_RULE_EVAL_VALUE|012w0000000K4sj
16:01:25.0 (439100092)|WF_CRITERIA_END|true
16:01:25.0 (439116063)|WF_CRITERIA_BEGIN|[Industry Group: APJC Lithuania a0A5E000000D10a]|Reg/Div group reporting to changed|01Qw00000007ZTM|ON_ALL_CHANGES|0
16:01:25.0 (439274467)|WF_FORMULA|Formula:ENCODED:[treatNullAsNull]AND( {!ID:RecordType.DeveloperName} = 'Reg_Div_Groups', ISCHANGED( {!ID:00Nw0000009CEk5} ))|Values:RecordType.DeveloperName=Local_Groups, Reporting_to__c=null
16:01:25.0 (439280084)|WF_CRITERIA_END|false
16:01:25.0 (439292576)|WF_CRITERIA_BEGIN|[Industry Group: ICAP South Africa a0A5E000000D10b]|Reg / Div Group Auto Unique Name|01Qw0000000VGi3|ON_ALL_CHANGES|0
16:01:25.0 (439337613)|WF_RULE_FILTER|[Industry Group : Group Name not equal to ] 
AND [Industry Group : Record Type equals Reg/Div Groups, Draft Reg/Div Group]
16:01:25.0 (439345627)|WF_RULE_EVAL_VALUE|ICAP South Africa
16:01:25.0 (439351567)|WF_RULE_EVAL_VALUE|012w0000000K4sj
16:01:25.0 (439353693)|WF_CRITERIA_END|false
16:01:25.0 (439360065)|WF_CRITERIA_BEGIN|[Industry Group: ICAP South Africa a0A5E000000D10b]|Local Governance Auto Name|01Qw0000000JNET|ON_ALL_CHANGES|0
16:01:25.0 (439385561)|WF_RULE_FILTER|[Industry Group : Group Name not equal to ] 
AND [Industry Group : Record Type equals Local Groups]
16:01:25.0 (439391540)|WF_RULE_EVAL_VALUE|ICAP South Africa
16:01:25.0 (439398326)|WF_RULE_EVAL_VALUE|012w0000000K4sj
16:01:25.0 (439400518)|WF_CRITERIA_END|true
16:01:25.0 (439414336)|WF_CRITERIA_BEGIN|[Industry Group: ICAP South Africa a0A5E000000D10b]|Reg/Div group reporting to changed|01Qw00000007ZTM|ON_ALL_CHANGES|0
16:01:25.0 (439595985)|WF_FORMULA|Formula:ENCODED:[treatNullAsNull]AND( {!ID:RecordType.DeveloperName} = 'Reg_Div_Groups', ISCHANGED( {!ID:00Nw0000009CEk5} ))|Values:RecordType.DeveloperName=Local_Groups, Reporting_to__c=null
16:01:25.0 (439602437)|WF_CRITERIA_END|false
16:01:25.0 (439614387)|WF_CRITERIA_BEGIN|[Industry Group: APJC Hong Kong (SAR, China) a0A5E000000D10c]|Reg / Div Group Auto Unique Name|01Qw0000000VGi3|ON_ALL_CHANGES|0
16:01:25.0 (439647283)|WF_RULE_FILTER|[Industry Group : Group Name not equal to ] 
AND [Industry Group : Record Type equals Reg/Div Groups, Draft Reg/Div Group]
16:01:25.0 (439654272)|WF_RULE_EVAL_VALUE|APJC Hong Kong (SAR, China)
16:01:25.0 (439660128)|WF_RULE_EVAL_VALUE|012w0000000K4sj
16:01:25.0 (439662210)|WF_CRITERIA_END|false
16:01:25.0 (439668188)|WF_CRITERIA_BEGIN|[Industry Group: APJC Hong Kong (SAR, China) a0A5E000000D10c]|Local Governance Auto Name|01Qw0000000JNET|ON_ALL_CHANGES|0
16:01:25.0 (439693371)|WF_RULE_FILTER|[Industry Group : Group Name not equal to ] 
AND [Industry Group : Record Type equals Local Groups]
16:01:25.0 (439698877)|WF_RULE_EVAL_VALUE|APJC Hong Kong (SAR, China)
16:01:25.0 (439705715)|WF_RULE_EVAL_VALUE|012w0000000K4sj
16:01:25.0 (439708025)|WF_CRITERIA_END|true
16:01:25.0 (439723162)|WF_CRITERIA_BEGIN|[Industry Group: APJC Hong Kong (SAR, China) a0A5E000000D10c]|Reg/Div group reporting to changed|01Qw00000007ZTM|ON_ALL_CHANGES|0
16:01:25.0 (439880342)|WF_FORMULA|Formula:ENCODED:[treatNullAsNull]AND( {!ID:RecordType.DeveloperName} = 'Reg_Div_Groups', ISCHANGED( {!ID:00Nw0000009CEk5} ))|Values:RecordType.DeveloperName=Local_Groups, Reporting_to__c=null
16:01:25.0 (439886191)|WF_CRITERIA_END|false
16:01:25.0 (439899432)|WF_CRITERIA_BEGIN|[Industry Group: APJC Rwanda a0A5E000000D10d]|Reg / Div Group Auto Unique Name|01Qw0000000VGi3|ON_ALL_CHANGES|0
16:01:25.0 (439948584)|WF_RULE_FILTER|[Industry Group : Group Name not equal to ] 
AND [Industry Group : Record Type equals Reg/Div Groups, Draft Reg/Div Group]
16:01:25.0 (439959821)|WF_RULE_EVAL_VALUE|APJC Rwanda
16:01:25.0 (439968472)|WF_RULE_EVAL_VALUE|012w0000000K4sj
16:01:25.0 (439971653)|WF_CRITERIA_END|false
16:01:25.0 (439982243)|WF_CRITERIA_BEGIN|[Industry Group: APJC Rwanda a0A5E000000D10d]|Local Governance Auto Name|01Qw0000000JNET|ON_ALL_CHANGES|0
16:01:25.0 (440029567)|WF_RULE_FILTER|[Industry Group : Group Name not equal to ] 
AND [Industry Group : Record Type equals Local Groups]
16:01:25.0 (440041221)|WF_RULE_EVAL_VALUE|APJC Rwanda
16:01:25.0 (440053011)|WF_RULE_EVAL_VALUE|012w0000000K4sj
16:01:25.0 (440056374)|WF_CRITERIA_END|true
16:01:25.0 (440073338)|WF_CRITERIA_BEGIN|[Industry Group: APJC Rwanda a0A5E000000D10d]|Reg/Div group reporting to changed|01Qw00000007ZTM|ON_ALL_CHANGES|0
16:01:25.0 (440239672)|WF_FORMULA|Formula:ENCODED:[treatNullAsNull]AND( {!ID:RecordType.DeveloperName} = 'Reg_Div_Groups', ISCHANGED( {!ID:00Nw0000009CEk5} ))|Values:RecordType.DeveloperName=Local_Groups, Reporting_to__c=null
16:01:25.0 (440245494)|WF_CRITERIA_END|false
16:01:25.0 (440259278)|WF_CRITERIA_BEGIN|[Industry Group: APJC Scandinavia (Denmark, Greenland, Iceland, Norway, Sweden) a0A5E000000D10e]|Reg / Div Group Auto Unique Name|01Qw0000000VGi3|ON_ALL_CHANGES|0
16:01:25.0 (440301602)|WF_RULE_FILTER|[Industry Group : Group Name not equal to ] 
AND [Industry Group : Record Type equals Reg/Div Groups, Draft Reg/Div Group]
16:01:25.0 (440309435)|WF_RULE_EVAL_VALUE|APJC Scandinavia (Denmark, Greenland, Iceland, Norway, Sweden)
16:01:25.0 (440317780)|WF_RULE_EVAL_VALUE|012w0000000K4sj
16:01:25.0 (440328600)|WF_CRITERIA_END|false
16:01:25.0 (440338503)|WF_CRITERIA_BEGIN|[Industry Group: APJC Scandinavia (Denmark, Greenland, Iceland, Norway, Sweden) a0A5E000000D10e]|Local Governance Auto Name|01Qw0000000JNET|ON_ALL_CHANGES|0
16:01:25.0 (440368034)|WF_RULE_FILTER|[Industry Group : Group Name not equal to ] 
AND [Industry Group : Record Type equals Local Groups]
16:01:25.0 (440374439)|WF_RULE_EVAL_VALUE|APJC Scandinavia (Denmark, Greenland, Iceland, Norway, Sweden)
16:01:25.0 (440381740)|WF_RULE_EVAL_VALUE|012w0000000K4sj
16:01:25.0 (440383758)|WF_CRITERIA_END|true
16:01:25.0 (440393219)|WF_CRITERIA_BEGIN|[Industry Group: APJC Scandinavia (Denmark, Greenland, Iceland, Norway, Sweden) a0A5E000000D10e]|Reg/Div group reporting to changed|01Qw00000007ZTM|ON_ALL_CHANGES|0
16:01:25.0 (440522528)|WF_FORMULA|Formula:ENCODED:[treatNullAsNull]AND( {!ID:RecordType.DeveloperName} = 'Reg_Div_Groups', ISCHANGED( {!ID:00Nw0000009CEk5} ))|Values:RecordType.DeveloperName=Local_Groups, Reporting_to__c=null
16:01:25.0 (440527567)|WF_CRITERIA_END|false
16:01:25.0 (440540759)|WF_CRITERIA_BEGIN|[Industry Group: APJC Netherlands_old a0A5E000000D10f]|Reg / Div Group Auto Unique Name|01Qw0000000VGi3|ON_ALL_CHANGES|0
16:01:25.0 (440594584)|WF_RULE_FILTER|[Industry Group : Group Name not equal to ] 
AND [Industry Group : Record Type equals Reg/Div Groups, Draft Reg/Div Group]
16:01:25.0 (440605397)|WF_RULE_EVAL_VALUE|APJC Netherlands_old
16:01:25.0 (440614495)|WF_RULE_EVAL_VALUE|012w0000000K4sj
16:01:25.0 (440617997)|WF_CRITERIA_END|false
16:01:25.0 (440630051)|WF_CRITERIA_BEGIN|[Industry Group: APJC Netherlands_old a0A5E000000D10f]|Local Governance Auto Name|01Qw0000000JNET|ON_ALL_CHANGES|0
16:01:25.0 (440680455)|WF_RULE_FILTER|[Industry Group : Group Name not equal to ] 
AND [Industry Group : Record Type equals Local Groups]
16:01:25.0 (440691094)|WF_RULE_EVAL_VALUE|APJC Netherlands_old
16:01:25.0 (440703121)|WF_RULE_EVAL_VALUE|012w0000000K4sj
16:01:25.0 (440706928)|WF_CRITERIA_END|true
16:01:25.0 (440723372)|WF_CRITERIA_BEGIN|[Industry Group: APJC Netherlands_old a0A5E000000D10f]|Reg/Div group reporting to changed|01Qw00000007ZTM|ON_ALL_CHANGES|0
16:01:25.0 (440879802)|WF_FORMULA|Formula:ENCODED:[treatNullAsNull]AND( {!ID:RecordType.DeveloperName} = 'Reg_Div_Groups', ISCHANGED( {!ID:00Nw0000009CEk5} ))|Values:RecordType.DeveloperName=Local_Groups, Reporting_to__c=null
16:01:25.0 (440883785)|WF_CRITERIA_END|false
16:01:25.0 (440892147)|WF_CRITERIA_BEGIN|[Industry Group: APJC Poland a0A5E000000D10g]|Reg / Div Group Auto Unique Name|01Qw0000000VGi3|ON_ALL_CHANGES|0
16:01:25.0 (440923391)|WF_RULE_FILTER|[Industry Group : Group Name not equal to ] 
AND [Industry Group : Record Type equals Reg/Div Groups, Draft Reg/Div Group]
16:01:25.0 (440930887)|WF_RULE_EVAL_VALUE|APJC Poland
16:01:25.0 (440936580)|WF_RULE_EVAL_VALUE|012w0000000K4sj
16:01:25.0 (440938709)|WF_CRITERIA_END|false
16:01:25.0 (440944562)|WF_CRITERIA_BEGIN|[Industry Group: APJC Poland a0A5E000000D10g]|Local Governance Auto Name|01Qw0000000JNET|ON_ALL_CHANGES|0
16:01:25.0 (440971645)|WF_RULE_FILTER|[Industry Group : Group Name not equal to ] 
AND [Industry Group : Record Type equals Local Groups]
16:01:25.0 (440977535)|WF_RULE_EVAL_VALUE|APJC Poland
16:01:25.0 (440984235)|WF_RULE_EVAL_VALUE|012w0000000K4sj
16:01:25.0 (440986046)|WF_CRITERIA_END|true
16:01:25.0 (440995186)|WF_CRITERIA_BEGIN|[Industry Group: APJC Poland a0A5E000000D10g]|Reg/Div group reporting to changed|01Qw00000007ZTM|ON_ALL_CHANGES|0
16:01:25.0 (441098409)|WF_FORMULA|Formula:ENCODED:[treatNullAsNull]AND( {!ID:RecordType.DeveloperName} = 'Reg_Div_Groups', ISCHANGED( {!ID:00Nw0000009CEk5} ))|Values:RecordType.DeveloperName=Local_Groups, Reporting_to__c=null
16:01:25.0 (441102978)|WF_CRITERIA_END|false
16:01:25.0 (441111615)|WF_CRITERIA_BEGIN|[Industry Group: LCAG-P Spain 2015 a0A5E000000D10h]|Reg / Div Group Auto Unique Name|01Qw0000000VGi3|ON_ALL_CHANGES|0
16:01:25.0 (441142358)|WF_RULE_FILTER|[Industry Group : Group Name not equal to ] 
AND [Industry Group : Record Type equals Reg/Div Groups, Draft Reg/Div Group]
16:01:25.0 (441149010)|WF_RULE_EVAL_VALUE|LCAG-P Spain 2015
16:01:25.0 (441154642)|WF_RULE_EVAL_VALUE|012w0000000K4sj
16:01:25.0 (441156672)|WF_CRITERIA_END|false
16:01:25.0 (441167017)|WF_CRITERIA_BEGIN|[Industry Group: LCAG-P Spain 2015 a0A5E000000D10h]|Local Governance Auto Name|01Qw0000000JNET|ON_ALL_CHANGES|0
16:01:25.0 (441192962)|WF_RULE_FILTER|[Industry Group : Group Name not equal to ] 
AND [Industry Group : Record Type equals Local Groups]
16:01:25.0 (441198668)|WF_RULE_EVAL_VALUE|LCAG-P Spain 2015
16:01:25.0 (441205404)|WF_RULE_EVAL_VALUE|012w0000000K4sj
16:01:25.0 (441207294)|WF_CRITERIA_END|true
16:01:25.0 (441216164)|WF_CRITERIA_BEGIN|[Industry Group: LCAG-P Spain 2015 a0A5E000000D10h]|Reg/Div group reporting to changed|01Qw00000007ZTM|ON_ALL_CHANGES|0
16:01:25.0 (441314210)|WF_FORMULA|Formula:ENCODED:[treatNullAsNull]AND( {!ID:RecordType.DeveloperName} = 'Reg_Div_Groups', ISCHANGED( {!ID:00Nw0000009CEk5} ))|Values:RecordType.DeveloperName=Local_Groups, Reporting_to__c=null
16:01:25.0 (441318031)|WF_CRITERIA_END|false
16:01:25.0 (441326294)|WF_CRITERIA_BEGIN|[Industry Group: LCAG-P Portugal 2015 a0A5E000000D10i]|Reg / Div Group Auto Unique Name|01Qw0000000VGi3|ON_ALL_CHANGES|0
16:01:25.0 (441356883)|WF_RULE_FILTER|[Industry Group : Group Name not equal to ] 
AND [Industry Group : Record Type equals Reg/Div Groups, Draft Reg/Div Group]
16:01:25.0 (441363539)|WF_RULE_EVAL_VALUE|LCAG-P Portugal 2015
16:01:25.0 (441368989)|WF_RULE_EVAL_VALUE|012w0000000K4sj
16:01:25.0 (441370984)|WF_CRITERIA_END|false
16:01:25.0 (441376734)|WF_CRITERIA_BEGIN|[Industry Group: LCAG-P Portugal 2015 a0A5E000000D10i]|Local Governance Auto Name|01Qw0000000JNET|ON_ALL_CHANGES|0
16:01:25.0 (441401053)|WF_RULE_FILTER|[Industry Group : Group Name not equal to ] 
AND [Industry Group : Record Type equals Local Groups]
16:01:25.0 (441406842)|WF_RULE_EVAL_VALUE|LCAG-P Portugal 2015
16:01:25.0 (441413620)|WF_RULE_EVAL_VALUE|012w0000000K4sj
16:01:25.0 (441415419)|WF_CRITERIA_END|true
16:01:25.0 (441424189)|WF_CRITERIA_BEGIN|[Industry Group: LCAG-P Portugal 2015 a0A5E000000D10i]|Reg/Div group reporting to changed|01Qw00000007ZTM|ON_ALL_CHANGES|0
16:01:25.0 (441519095)|WF_FORMULA|Formula:ENCODED:[treatNullAsNull]AND( {!ID:RecordType.DeveloperName} = 'Reg_Div_Groups', ISCHANGED( {!ID:00Nw0000009CEk5} ))|Values:RecordType.DeveloperName=Local_Groups, Reporting_to__c=null
16:01:25.0 (441522881)|WF_CRITERIA_END|false
16:01:25.0 (441533538)|WF_SPOOL_ACTION_BEGIN|Workflow
16:01:25.0 (442052697)|WF_FIELD_UPDATE|[Industry Group: CEC-NZ a0A5E000000D10Y]|Field:Industry Group: Group Name|Value: - CEC - INACTIVE|Id=04Yw0000000LhRU|CurrentRule:Local Governance Auto Name (Id=01Qw0000000JNET)
16:01:25.0 (442311881)|WF_FIELD_UPDATE|[Industry Group: 12th APJC a0A5E000000D10Z]|Field:Industry Group: Group Name|Value: - APJC - INACTIVE|Id=04Yw0000000LhRU|CurrentRule:Local Governance Auto Name (Id=01Qw0000000JNET)
16:01:25.0 (442555874)|WF_FIELD_UPDATE|[Industry Group: APJC Lithuania a0A5E000000D10a]|Field:Industry Group: Group Name|Value: - APJC - INACTIVE|Id=04Yw0000000LhRU|CurrentRule:Local Governance Auto Name (Id=01Qw0000000JNET)
16:01:25.0 (442712411)|WF_FIELD_UPDATE|[Industry Group: ICAP South Africa a0A5E000000D10b]|Field:Industry Group: Group Name|Value: - ICAP - INACTIVE|Id=04Yw0000000LhRU|CurrentRule:Local Governance Auto Name (Id=01Qw0000000JNET)
16:01:25.0 (442878703)|WF_FIELD_UPDATE|[Industry Group: APJC Hong Kong (SAR, China) a0A5E000000D10c]|Field:Industry Group: Group Name|Value: - APJC - INACTIVE|Id=04Yw0000000LhRU|CurrentRule:Local Governance Auto Name (Id=01Qw0000000JNET)
16:01:25.0 (443032677)|WF_FIELD_UPDATE|[Industry Group: APJC Rwanda a0A5E000000D10d]|Field:Industry Group: Group Name|Value: - APJC - INACTIVE|Id=04Yw0000000LhRU|CurrentRule:Local Governance Auto Name (Id=01Qw0000000JNET)
16:01:25.0 (443188659)|WF_FIELD_UPDATE|[Industry Group: APJC Scandinavia (Denmark, Greenland, Iceland, Norway, Sweden) a0A5E000000D10e]|Field:Industry Group: Group Name|Value: - APJC - INACTIVE|Id=04Yw0000000LhRU|CurrentRule:Local Governance Auto Name (Id=01Qw0000000JNET)
16:01:25.0 (443337509)|WF_FIELD_UPDATE|[Industry Group: APJC Netherlands_old a0A5E000000D10f]|Field:Industry Group: Group Name|Value: - APJC - INACTIVE|Id=04Yw0000000LhRU|CurrentRule:Local Governance Auto Name (Id=01Qw0000000JNET)
16:01:25.0 (443485404)|WF_FIELD_UPDATE|[Industry Group: APJC Poland a0A5E000000D10g]|Field:Industry Group: Group Name|Value: - APJC - INACTIVE|Id=04Yw0000000LhRU|CurrentRule:Local Governance Auto Name (Id=01Qw0000000JNET)
16:01:25.0 (443709728)|WF_FIELD_UPDATE|[Industry Group: LCAG-P Spain 2015 a0A5E000000D10h]|Field:Industry Group: Group Name|Value: - LCAG-P - INACTIVE|Id=04Yw0000000LhRU|CurrentRule:Local Governance Auto Name (Id=01Qw0000000JNET)
16:01:25.0 (443859700)|WF_FIELD_UPDATE|[Industry Group: LCAG-P Portugal 2015 a0A5E000000D10i]|Field:Industry Group: Group Name|Value: - LCAG-P - INACTIVE|Id=04Yw0000000LhRU|CurrentRule:Local Governance Auto Name (Id=01Qw0000000JNET)
16:01:25.0 (443938185)|WF_ACTION| Field Update: 22;
16:01:25.0 (443942017)|WF_RULE_EVAL_END
16:01:25.0 (445179749)|CODE_UNIT_STARTED|[EXTERNAL]|01qw0000000J40x|LocalGroupTrigger on LocalGovernance trigger event BeforeUpdate for [a0A5E000000D10Y, a0A5E000000D10Z, a0A5E000000D10a, a0A5E000000D10b, a0A5E000000D10c, a0A5E000000D10d, a0A5E000000D10e, a0A5E000000D10f, a0A5E000000D10g, a0A5E000000D10h, a0A5E000000D10i]
16:01:25.0 (445492080)|SOQL_EXECUTE_BEGIN|[3]|Aggregations:0|SELECT Id FROM Profile WHERE Name = 'System Administrator' LIMIT 1
16:01:25.0 (447687261)|SOQL_EXECUTE_END|[3]|Rows:1
16:01:25.450 (450400101)|CUMULATIVE_LIMIT_USAGE
16:01:25.450 (450400101)|LIMIT_USAGE_FOR_NS|(default)|
  Number of SOQL queries: 4 out of 100
  Number of query rows: 2 out of 50000
  Number of SOSL queries: 0 out of 20
  Number of DML statements: 0 out of 150
  Number of DML rows: 0 out of 10000
  Maximum CPU time: 0 out of 10000
  Maximum heap size: 0 out of 6000000
  Number of callouts: 0 out of 100
  Number of Email Invocations: 0 out of 10
  Number of future calls: 0 out of 50
  Number of queueable jobs added to the queue: 0 out of 50
  Number of Mobile Apex push calls: 0 out of 10

16:01:25.450 (450400101)|CUMULATIVE_LIMIT_USAGE_END

16:01:25.0 (451213764)|CODE_UNIT_FINISHED|LocalGroupTrigger on LocalGovernance trigger event BeforeUpdate for [a0A5E000000D10Y, a0A5E000000D10Z, a0A5E000000D10a, a0A5E000000D10b, a0A5E000000D10c, a0A5E000000D10d, a0A5E000000D10e, a0A5E000000D10f, a0A5E000000D10g, a0A5E000000D10h, a0A5E000000D10i]
16:01:25.0 (471661691)|WF_ACTIONS_END| Field Update: 22;
16:01:25.0 (471670637)|CODE_UNIT_FINISHED|Workflow:01I20000000U8YX
16:01:25.0 (525533348)|CODE_UNIT_FINISHED|TRIGGERS
16:01:25.0 (525542655)|EXECUTION_FINISHED
