34.0 APEX_CODE,DEBUG;APEX_PROFILING,INFO;CALLOUT,INFO;DB,INFO;SYSTEM,DEBUG;VALIDATION,INFO;VISUALFORCE,INFO;WORKFLOW,INFO
16:04:21.0 (65147)|USER_INFO|[EXTERNAL]|005w0000003Pu27|luukkaa@iata.org.prod.amp2|Central European Time|GMT+02:00
16:04:21.0 (107861)|EXECUTION_STARTED
16:04:21.0 (114343)|CODE_UNIT_STARTED|[EXTERNAL]|066w0000001Fz6g|VF: /apex/AMP_GroupHierarchy
16:04:21.0 (6305056)|SYSTEM_MODE_ENTER|true
16:04:21.0 (6752066)|SYSTEM_MODE_ENTER|false
16:04:21.0 (6759431)|SYSTEM_MODE_EXIT|false
16:04:21.0 (6825789)|SYSTEM_MODE_ENTER|false
16:04:21.0 (11746232)|USER_DEBUG|[10]|DEBUG|LocalGovernance__c:{CurrencyIsoCode=USD, Id=a0A5E000000D1cdUAC, RecordTypeId=012w0000000V43JAAS}
16:04:21.0 (12111676)|SOQL_EXECUTE_BEGIN|[28]|Aggregations:0|SELECT Id, Name, Reporting_to__c FROM LocalGovernance__c WHERE Id = :tmpVar1
16:04:21.0 (13571821)|SOQL_EXECUTE_END|[28]|Rows:1
16:04:21.0 (13759200)|USER_DEBUG|[30]|DEBUG|LocalGovernance__c:{Id=a0A5E000000D1cdUAC, Name=Audit Committee, RecordTypeId=012w0000000V43JAAS, CurrencyIsoCode=USD}
16:04:21.0 (13988614)|SOQL_EXECUTE_BEGIN|[43]|Aggregations:0|SELECT Id, Name, Reporting_to__c FROM LocalGovernance__c WHERE Id = :tmpVar1
16:04:21.0 (14845501)|SOQL_EXECUTE_END|[43]|Rows:0
16:04:21.0 (14919329)|USER_DEBUG|[36]|DEBUG|null
16:04:21.0 (15396190)|SYSTEM_MODE_EXIT|false
16:04:21.0 (22101709)|SYSTEM_MODE_ENTER|true
16:04:21.0 (22182984)|SYSTEM_MODE_ENTER|true
16:04:21.24 (24529872)|CUMULATIVE_LIMIT_USAGE
16:04:21.24 (24529872)|LIMIT_USAGE_FOR_NS|(default)|
  Number of SOQL queries: 2 out of 100
  Number of query rows: 1 out of 50000
  Number of SOSL queries: 0 out of 20
  Number of DML statements: 0 out of 150
  Number of DML rows: 0 out of 10000
  Maximum CPU time: 0 out of 10000
  Maximum heap size: 0 out of 6000000
  Number of callouts: 0 out of 100
  Number of Email Invocations: 0 out of 10
  Number of future calls: 0 out of 50
  Number of queueable jobs added to the queue: 0 out of 50
  Number of Mobile Apex push calls: 0 out of 10

16:04:21.24 (24529872)|CUMULATIVE_LIMIT_USAGE_END

16:04:21.0 (24564576)|CODE_UNIT_FINISHED|VF: /apex/AMP_GroupHierarchy
16:04:21.0 (25335647)|EXECUTION_FINISHED
