27.0 APEX_CODE,DEBUG;APEX_PROFILING,FINEST;CALLOUT,INFO;DB,INFO;SYSTEM,FINE;VALIDATION,INFO;VISUALFORCE,INFO;WORKFLOW,INFO
16:07:13.0 (614475)|USER_INFO|[EXTERNAL]|005w0000003Pu27|luukkaa@iata.org.prod.cnsaku|Central European Time|GMT+01:00
16:07:13.0 (653764)|EXECUTION_STARTED
16:07:13.0 (661483)|CODE_UNIT_STARTED|[EXTERNAL]|066w0000001ZnAF|VF: /apex/ImportantContacts
16:07:13.7 (7466514)|SYSTEM_MODE_ENTER|true
16:07:13.7 (7944374)|SYSTEM_MODE_ENTER|true
16:07:13.8 (8190058)|SYSTEM_MODE_ENTER|true
16:07:13.0 (13044993)|SYSTEM_MODE_ENTER|true
16:07:13.0 (13706569)|SYSTEM_MODE_ENTER|false
16:07:13.0 (13713442)|SYSTEM_MODE_EXIT|false
16:07:13.0 (13744885)|SYSTEM_MODE_ENTER|false
16:07:13.0 (13784276)|SYSTEM_METHOD_ENTRY|[20]|ApexPages.StandardController.getRecord()
16:07:13.0 (47224886)|SYSTEM_METHOD_EXIT|[20]|ApexPages.StandardController.getRecord()
16:07:13.0 (47315129)|SYSTEM_METHOD_ENTRY|[21]|ApexPages.StandardController.getRecord()
16:07:13.0 (47390703)|SYSTEM_METHOD_EXIT|[21]|ApexPages.StandardController.getRecord()
16:07:13.0 (47442386)|SYSTEM_METHOD_ENTRY|[21]|ImportantContactsController.__sfdc_AccountId(Id)
16:07:13.0 (47463404)|SYSTEM_METHOD_EXIT|[21]|ImportantContactsController.__sfdc_AccountId(Id)
16:07:13.0 (47474159)|SYSTEM_MODE_EXIT|false
16:07:13.0 (47606412)|SYSTEM_MODE_ENTER|true
16:07:13.0 (47673298)|SYSTEM_MODE_ENTER|false
16:07:13.0 (47689599)|SYSTEM_METHOD_ENTRY|[5]|ImportantContactsController.__sfdc_AccountId()
16:07:13.0 (47713591)|SYSTEM_METHOD_EXIT|[5]|ImportantContactsController.__sfdc_AccountId()
16:07:13.0 (47787979)|SYSTEM_CONSTRUCTOR_ENTRY|[6]|<init>()
16:07:13.0 (47810465)|SYSTEM_CONSTRUCTOR_EXIT|[6]|<init>()
16:07:13.0 (47846433)|SYSTEM_METHOD_ENTRY|[7]|ImportantContactsController.__sfdc_AccountId()
16:07:13.0 (47859046)|SYSTEM_METHOD_EXIT|[7]|ImportantContactsController.__sfdc_AccountId()
16:07:13.0 (53729740)|SOQL_EXECUTE_BEGIN|[7]|Aggregations:0|SELECT Id, FirstName, LastName, Email, Phone, Title, Membership_Function__c, Airline_Contact_Type__c FROM Contact 
16:07:13.0 (86103386)|SOQL_EXECUTE_END|[7]|Rows:1
16:07:13.0 (86227825)|SYSTEM_METHOD_ENTRY|[7]|Database.QueryLocator.iterator()
16:07:13.0 (86550818)|SYSTEM_METHOD_EXIT|[7]|Database.QueryLocator.iterator()
16:07:13.0 (86765683)|SYSTEM_MODE_EXIT|false
16:07:13.100 (100422399)|SYSTEM_MODE_ENTER|true
16:07:13.100 (100700553)|SYSTEM_MODE_ENTER|true
16:07:13.0 (102797539)|VF_SERIALIZE_VIEWSTATE_BEGIN|066w0000001ZnAF
16:07:13.0 (110738635)|VF_SERIALIZE_VIEWSTATE_END
16:07:13.114 (114203877)|CUMULATIVE_LIMIT_USAGE
16:07:13.114 (114203877)|LIMIT_USAGE_FOR_NS|(default)|
  Number of SOQL queries: 1 out of 100
  Number of query rows: 1 out of 50000
  Number of SOSL queries: 0 out of 20
  Number of DML statements: 0 out of 150
  Number of DML rows: 0 out of 10000
  Maximum CPU time: 0 out of 10000
  Maximum heap size: 0 out of 6000000
  Number of callouts: 0 out of 100
  Number of Email Invocations: 0 out of 10
  Number of future calls: 0 out of 50
  Number of queueable jobs added to the queue: 0 out of 50
  Number of Mobile Apex push calls: 0 out of 10

16:07:13.114 (114203877)|TOTAL_EMAIL_RECIPIENTS_QUEUED|0
16:07:13.114 (114203877)|STATIC_VARIABLE_LIST|
  char[]:DigitTens:0
  long:serialVersionUID:0
  String:_sfdcSuppressedCodeLocations:0
  long:serialVersionUID:0
  String:_sfdcAdditionalCodeLocations:0
  double:MAX_VALUE:0
  Boolean:FALSE:0
  long:serialVersionUID:0
  String:__sfdcInnerTypes:0
  String:_sfdcAdditionalCodeLocations:0
  double:MIN_VALUE:0
  int:SIZE:0
  double:NEGATIVE_INFINITY:0
  int:MAX_VALUE:0
  char[]:digits:0
  double:NaN:0
  Boolean:TRUE:0
  String:__sfdcParameterizedTypes:0
  int:MIN_VALUE:0
  char[]:DigitOnes:0
  int:BYTES:0
  String:__sfdcProperties:0
  int:MIN_EXPONENT:0
  int[]:sizeTable:0
  String:_sfdcAdditionalCodeLocations:0
  int:MAX_EXPONENT:0
  String:_sfdcAdditionalCodeLocations:0
  int:SIZE:0
  double:POSITIVE_INFINITY:0
  double:MIN_NORMAL:0
  int:BYTES:0

16:07:13.114 (114203877)|CUMULATIVE_LIMIT_USAGE_END

16:07:13.0 (114419722)|CODE_UNIT_FINISHED|VF: /apex/ImportantContacts
16:07:13.0 (115654281)|EXECUTION_FINISHED
16:07:13.119 (119583838)|CUMULATIVE_PROFILING_BEGIN
16:07:13.119 (119583838)|CUMULATIVE_PROFILING|No profiling information for SOQL operations
16:07:13.119 (119583838)|CUMULATIVE_PROFILING|No profiling information for SOSL operations
16:07:13.119 (119583838)|CUMULATIVE_PROFILING|No profiling information for DML operations
16:07:13.119 (119583838)|CUMULATIVE_PROFILING|method invocations|
External entry point: public List<Contact> __sfdc_lstImportantContacts(): executed 1 time in 39 ms
Class.ImportantContactsController.__sfdc_lstImportantContacts: line 7, column 1: public Id __sfdc_AccountId(): executed 6 times in 39 ms
Class.ImportantContactsController.<init>: line 20, column 1: global SObject getRecord(): executed 1 time in 33 ms
Class.ImportantContactsController.<init>: line 21, column 1: global SObject getRecord(): executed 2 times in 0 ms
Class.ImportantContactsController.__sfdc_lstImportantContacts: line 5, column 1: public Id __sfdc_AccountId(): executed 1 time in 0 ms
Class.ImportantContactsController.__sfdc_lstImportantContacts: line 6, column 1: global public List<Contact>(): executed 1 time in 0 ms

16:07:13.119 (119583838)|CUMULATIVE_PROFILING_END
