38.0 APEX_CODE,DEBUG;APEX_PROFILING,FINEST;CALLOUT,INFO;DB,INFO;SYSTEM,FINE;VALIDATION,INFO;VISUALFORCE,INFO;WORKFLOW,INFO
11:50:23.0 (713716)|USER_INFO|[EXTERNAL]|005w0000003Pu27|luukkaa@iata.org.prod.cnsaku|Central European Time|GMT+01:00
11:50:23.0 (765541)|EXECUTION_STARTED
11:50:23.0 (772345)|CODE_UNIT_STARTED|[EXTERNAL]|VisualForce View State
11:50:24.171 (1171295074)|CODE_UNIT_FINISHED|VisualForce View State
11:50:24.171 (1171574785)|EXECUTION_FINISHED
11:50:24.178 (1178463935)|USER_INFO|[EXTERNAL]|005w0000003Pu27|luukkaa@iata.org.prod.cnsaku|Central European Time|GMT+01:00
11:50:24.178 (1178513917)|SYSTEM_MODE_ENTER|true
11:50:25.194 (2194074242)|CUMULATIVE_LIMIT_USAGE
11:50:25.194 (2194074242)|LIMIT_USAGE_FOR_NS|(default)|
  Number of SOQL queries: 0 out of 100
  Number of query rows: 0 out of 50000
  Number of SOSL queries: 0 out of 20
  Number of DML statements: 0 out of 150
  Number of DML rows: 0 out of 10000
  Maximum CPU time: 0 out of 10000
  Maximum heap size: 0 out of 6000000
  Number of callouts: 0 out of 100
  Number of Email Invocations: 0 out of 10
  Number of future calls: 0 out of 50
  Number of queueable jobs added to the queue: 0 out of 50
  Number of Mobile Apex push calls: 0 out of 10

11:50:25.194 (2194074242)|CUMULATIVE_LIMIT_USAGE_END

