38.0 APEX_CODE,DEBUG;APEX_PROFILING,FINEST;CALLOUT,INFO;DB,INFO;SYSTEM,FINE;VALIDATION,INFO;VISUALFORCE,INFO;WORKFLOW,INFO
11:49:02.0 (533740)|USER_INFO|[EXTERNAL]|005w0000003Pu27|luukkaa@iata.org.prod.cnsaku|Central European Time|GMT+01:00
11:49:02.0 (568241)|EXECUTION_STARTED
11:49:02.0 (572760)|CODE_UNIT_STARTED|[EXTERNAL]|VisualForce View State
11:49:03.226 (1226538535)|CODE_UNIT_FINISHED|VisualForce View State
11:49:03.226 (1226782550)|EXECUTION_FINISHED
11:49:03.232 (1232799935)|USER_INFO|[EXTERNAL]|005w0000003Pu27|luukkaa@iata.org.prod.cnsaku|Central European Time|GMT+01:00
11:49:03.232 (1232848150)|SYSTEM_MODE_ENTER|true
11:49:07.965 (5965376731)|CUMULATIVE_LIMIT_USAGE
11:49:07.965 (5965376731)|LIMIT_USAGE_FOR_NS|(default)|
  Number of SOQL queries: 0 out of 100
  Number of query rows: 0 out of 50000
  Number of SOSL queries: 0 out of 20
  Number of DML statements: 0 out of 150
  Number of DML rows: 0 out of 10000
  Maximum CPU time: 0 out of 10000
  Maximum heap size: 0 out of 6000000
  Number of callouts: 0 out of 100
  Number of Email Invocations: 0 out of 10
  Number of future calls: 0 out of 50
  Number of queueable jobs added to the queue: 0 out of 50
  Number of Mobile Apex push calls: 0 out of 10

11:49:07.965 (5965376731)|CUMULATIVE_LIMIT_USAGE_END

