27.0 APEX_CODE,DEBUG;APEX_PROFILING,FINEST;CALLOUT,INFO;DB,INFO;SYSTEM,FINE;VALIDATION,INFO;VISUALFORCE,INFO;WORKFLOW,INFO
11:50:40.0 (984559)|USER_INFO|[EXTERNAL]|005w0000003Pu27|luukkaa@iata.org.prod.cnsaku|Central European Time|GMT+01:00
11:50:40.0 (1013225)|EXECUTION_STARTED
11:50:40.0 (1017866)|CODE_UNIT_STARTED|[EXTERNAL]|066w0000001ZnAF|VF: /apex/ImportantContacts
11:50:40.5 (5717041)|SYSTEM_MODE_ENTER|true
11:50:40.6 (6119897)|SYSTEM_MODE_ENTER|true
11:50:40.6 (6342738)|SYSTEM_MODE_ENTER|true
11:50:40.0 (10862489)|SYSTEM_MODE_ENTER|true
11:50:40.0 (11261481)|SYSTEM_MODE_ENTER|false
11:50:40.0 (11268758)|SYSTEM_MODE_EXIT|false
11:50:40.0 (11298583)|SYSTEM_MODE_ENTER|false
11:50:40.0 (11330225)|SYSTEM_METHOD_ENTRY|[20]|ApexPages.StandardController.getRecord()
11:50:40.0 (23865121)|SYSTEM_METHOD_EXIT|[20]|ApexPages.StandardController.getRecord()
11:50:40.0 (23934882)|SYSTEM_METHOD_ENTRY|[21]|ApexPages.StandardController.getRecord()
11:50:40.0 (23982446)|SYSTEM_METHOD_EXIT|[21]|ApexPages.StandardController.getRecord()
11:50:40.0 (24024158)|SYSTEM_METHOD_ENTRY|[21]|ImportantContactsController.__sfdc_AccountId(Id)
11:50:40.0 (24039911)|SYSTEM_METHOD_EXIT|[21]|ImportantContactsController.__sfdc_AccountId(Id)
11:50:40.0 (24048338)|SYSTEM_MODE_EXIT|false
11:50:40.0 (24144749)|SYSTEM_MODE_ENTER|true
11:50:40.0 (24203442)|SYSTEM_MODE_ENTER|false
11:50:40.0 (24219711)|SYSTEM_METHOD_ENTRY|[5]|ImportantContactsController.__sfdc_AccountId()
11:50:40.0 (24242029)|SYSTEM_METHOD_EXIT|[5]|ImportantContactsController.__sfdc_AccountId()
11:50:40.0 (24297732)|SYSTEM_CONSTRUCTOR_ENTRY|[6]|<init>()
11:50:40.0 (24317187)|SYSTEM_CONSTRUCTOR_EXIT|[6]|<init>()
11:50:40.0 (24351946)|SYSTEM_METHOD_ENTRY|[7]|ImportantContactsController.__sfdc_AccountId()
11:50:40.0 (24365095)|SYSTEM_METHOD_EXIT|[7]|ImportantContactsController.__sfdc_AccountId()
11:50:40.0 (25523300)|SOQL_EXECUTE_BEGIN|[7]|Aggregations:0|SELECT Id, FirstName, LastName, Email, Phone, Title, Membership_Function__c, Airline_Contact_Type__c FROM Contact 
11:50:40.0 (52866942)|SOQL_EXECUTE_END|[7]|Rows:1
11:50:40.0 (52993631)|SYSTEM_METHOD_ENTRY|[7]|Database.QueryLocator.iterator()
11:50:40.0 (53288959)|SYSTEM_METHOD_EXIT|[7]|Database.QueryLocator.iterator()
11:50:40.0 (53501159)|SYSTEM_MODE_EXIT|false
11:50:40.86 (86664822)|SYSTEM_MODE_ENTER|true
11:50:40.86 (86942131)|SYSTEM_MODE_ENTER|true
11:50:40.0 (88952844)|VF_SERIALIZE_VIEWSTATE_BEGIN|066w0000001ZnAF
11:50:40.0 (96908639)|VF_SERIALIZE_VIEWSTATE_END
11:50:40.100 (100799473)|CUMULATIVE_LIMIT_USAGE
11:50:40.100 (100799473)|LIMIT_USAGE_FOR_NS|(default)|
  Number of SOQL queries: 1 out of 100
  Number of query rows: 1 out of 50000
  Number of SOSL queries: 0 out of 20
  Number of DML statements: 0 out of 150
  Number of DML rows: 0 out of 10000
  Maximum CPU time: 0 out of 10000
  Maximum heap size: 0 out of 6000000
  Number of callouts: 0 out of 100
  Number of Email Invocations: 0 out of 10
  Number of future calls: 0 out of 50
  Number of queueable jobs added to the queue: 0 out of 50
  Number of Mobile Apex push calls: 0 out of 10

11:50:40.100 (100799473)|TOTAL_EMAIL_RECIPIENTS_QUEUED|0
11:50:40.100 (100799473)|STATIC_VARIABLE_LIST|
  char[]:DigitTens:0
  long:serialVersionUID:0
  String:_sfdcSuppressedCodeLocations:0
  long:serialVersionUID:0
  String:_sfdcAdditionalCodeLocations:0
  double:MAX_VALUE:0
  Boolean:FALSE:0
  long:serialVersionUID:0
  String:__sfdcInnerTypes:0
  String:_sfdcAdditionalCodeLocations:0
  double:MIN_VALUE:0
  int:SIZE:0
  double:NEGATIVE_INFINITY:0
  int:MAX_VALUE:0
  char[]:digits:0
  double:NaN:0
  Boolean:TRUE:0
  String:__sfdcParameterizedTypes:0
  int:MIN_VALUE:0
  char[]:DigitOnes:0
  int:BYTES:0
  String:__sfdcProperties:0
  int:MIN_EXPONENT:0
  int[]:sizeTable:0
  String:_sfdcAdditionalCodeLocations:0
  int:MAX_EXPONENT:0
  String:_sfdcAdditionalCodeLocations:0
  int:SIZE:0
  double:POSITIVE_INFINITY:0
  double:MIN_NORMAL:0
  int:BYTES:0

11:50:40.100 (100799473)|CUMULATIVE_LIMIT_USAGE_END

11:50:40.0 (100999186)|CODE_UNIT_FINISHED|VF: /apex/ImportantContacts
11:50:40.0 (102073816)|EXECUTION_FINISHED
11:50:40.104 (104595034)|CUMULATIVE_PROFILING_BEGIN
11:50:40.104 (104595034)|CUMULATIVE_PROFILING|No profiling information for SOQL operations
11:50:40.104 (104595034)|CUMULATIVE_PROFILING|No profiling information for SOSL operations
11:50:40.104 (104595034)|CUMULATIVE_PROFILING|No profiling information for DML operations
11:50:40.104 (104595034)|CUMULATIVE_PROFILING|method invocations|
External entry point: public List<Contact> __sfdc_lstImportantContacts(): executed 1 time in 29 ms
Class.ImportantContactsController.__sfdc_lstImportantContacts: line 7, column 1: public Id __sfdc_AccountId(): executed 6 times in 28 ms
Class.ImportantContactsController.<init>: line 20, column 1: global SObject getRecord(): executed 1 time in 12 ms
Class.ImportantContactsController.<init>: line 21, column 1: global SObject getRecord(): executed 2 times in 1 ms
Class.ImportantContactsController.__sfdc_lstImportantContacts: line 5, column 1: public Id __sfdc_AccountId(): executed 1 time in 0 ms
Class.ImportantContactsController.__sfdc_lstImportantContacts: line 6, column 1: global public List<Contact>(): executed 1 time in 0 ms

11:50:40.104 (104595034)|CUMULATIVE_PROFILING_END
