27.0 APEX_CODE,DEBUG;APEX_PROFILING,FINEST;CALLOUT,INFO;DB,INFO;SYSTEM,FINE;VALIDATION,INFO;VISUALFORCE,INFO;WORKFLOW,INFO
11:50:26.0 (299302)|USER_INFO|[EXTERNAL]|005w0000003Pu27|luukkaa@iata.org.prod.cnsaku|Central European Time|GMT+01:00
11:50:26.0 (338586)|EXECUTION_STARTED
11:50:26.0 (343433)|CODE_UNIT_STARTED|[EXTERNAL]|066w0000001ZnAF|VF: /apex/ImportantContacts
11:50:26.5 (5754024)|SYSTEM_MODE_ENTER|true
11:50:26.6 (6195255)|SYSTEM_MODE_ENTER|true
11:50:26.6 (6433398)|SYSTEM_MODE_ENTER|true
11:50:26.0 (8763994)|SYSTEM_MODE_ENTER|true
11:50:26.0 (9197335)|SYSTEM_MODE_ENTER|false
11:50:26.0 (9205310)|SYSTEM_MODE_EXIT|false
11:50:26.0 (9225249)|SYSTEM_MODE_ENTER|false
11:50:26.0 (9259591)|SYSTEM_METHOD_ENTRY|[20]|ApexPages.StandardController.getRecord()
11:50:26.0 (22287881)|SYSTEM_METHOD_EXIT|[20]|ApexPages.StandardController.getRecord()
11:50:26.0 (22337124)|SYSTEM_METHOD_ENTRY|[21]|ApexPages.StandardController.getRecord()
11:50:26.0 (22384993)|SYSTEM_METHOD_EXIT|[21]|ApexPages.StandardController.getRecord()
11:50:26.0 (22407688)|SYSTEM_METHOD_ENTRY|[21]|ImportantContactsController.__sfdc_AccountId(Id)
11:50:26.0 (22420833)|SYSTEM_METHOD_EXIT|[21]|ImportantContactsController.__sfdc_AccountId(Id)
11:50:26.0 (22428834)|SYSTEM_MODE_EXIT|false
11:50:26.0 (22520055)|SYSTEM_MODE_ENTER|true
11:50:26.0 (22564709)|SYSTEM_MODE_ENTER|false
11:50:26.0 (22576432)|SYSTEM_METHOD_ENTRY|[5]|ImportantContactsController.__sfdc_AccountId()
11:50:26.0 (22592444)|SYSTEM_METHOD_EXIT|[5]|ImportantContactsController.__sfdc_AccountId()
11:50:26.0 (22651748)|SYSTEM_CONSTRUCTOR_ENTRY|[6]|<init>()
11:50:26.0 (22675168)|SYSTEM_CONSTRUCTOR_EXIT|[6]|<init>()
11:50:26.0 (22701754)|SYSTEM_METHOD_ENTRY|[7]|ImportantContactsController.__sfdc_AccountId()
11:50:26.0 (22714694)|SYSTEM_METHOD_EXIT|[7]|ImportantContactsController.__sfdc_AccountId()
11:50:26.0 (27675677)|SOQL_EXECUTE_BEGIN|[7]|Aggregations:0|SELECT Id, FirstName, LastName, Email, Phone, Title, Membership_Function__c, Airline_Contact_Type__c FROM Contact 
11:50:26.0 (51400553)|SOQL_EXECUTE_END|[7]|Rows:1
11:50:26.0 (51516103)|SYSTEM_METHOD_ENTRY|[7]|Database.QueryLocator.iterator()
11:50:26.0 (51797869)|SYSTEM_METHOD_EXIT|[7]|Database.QueryLocator.iterator()
11:50:26.0 (52000478)|SYSTEM_MODE_EXIT|false
11:50:26.63 (63431347)|SYSTEM_MODE_ENTER|true
11:50:26.63 (63674265)|SYSTEM_MODE_ENTER|true
11:50:26.0 (65627760)|VF_SERIALIZE_VIEWSTATE_BEGIN|066w0000001ZnAF
11:50:26.0 (68787877)|VF_SERIALIZE_VIEWSTATE_END
11:50:26.72 (72020727)|CUMULATIVE_LIMIT_USAGE
11:50:26.72 (72020727)|LIMIT_USAGE_FOR_NS|(default)|
  Number of SOQL queries: 1 out of 100
  Number of query rows: 1 out of 50000
  Number of SOSL queries: 0 out of 20
  Number of DML statements: 0 out of 150
  Number of DML rows: 0 out of 10000
  Maximum CPU time: 0 out of 10000
  Maximum heap size: 0 out of 6000000
  Number of callouts: 0 out of 100
  Number of Email Invocations: 0 out of 10
  Number of future calls: 0 out of 50
  Number of queueable jobs added to the queue: 0 out of 50
  Number of Mobile Apex push calls: 0 out of 10

11:50:26.72 (72020727)|TOTAL_EMAIL_RECIPIENTS_QUEUED|0
11:50:26.72 (72020727)|STATIC_VARIABLE_LIST|
  char[]:DigitTens:0
  long:serialVersionUID:0
  String:_sfdcSuppressedCodeLocations:0
  long:serialVersionUID:0
  String:_sfdcAdditionalCodeLocations:0
  double:MAX_VALUE:0
  Boolean:FALSE:0
  long:serialVersionUID:0
  String:__sfdcInnerTypes:0
  String:_sfdcAdditionalCodeLocations:0
  double:MIN_VALUE:0
  int:SIZE:0
  double:NEGATIVE_INFINITY:0
  int:MAX_VALUE:0
  char[]:digits:0
  double:NaN:0
  Boolean:TRUE:0
  String:__sfdcParameterizedTypes:0
  int:MIN_VALUE:0
  char[]:DigitOnes:0
  int:BYTES:0
  String:__sfdcProperties:0
  int:MIN_EXPONENT:0
  int[]:sizeTable:0
  String:_sfdcAdditionalCodeLocations:0
  int:MAX_EXPONENT:0
  String:_sfdcAdditionalCodeLocations:0
  int:SIZE:0
  double:POSITIVE_INFINITY:0
  double:MIN_NORMAL:0
  int:BYTES:0

11:50:26.72 (72020727)|CUMULATIVE_LIMIT_USAGE_END

11:50:26.0 (72165716)|CODE_UNIT_FINISHED|VF: /apex/ImportantContacts
11:50:26.0 (73376639)|EXECUTION_FINISHED
11:50:26.75 (75557727)|CUMULATIVE_PROFILING_BEGIN
11:50:26.75 (75557727)|CUMULATIVE_PROFILING|No profiling information for SOQL operations
11:50:26.75 (75557727)|CUMULATIVE_PROFILING|No profiling information for SOSL operations
11:50:26.75 (75557727)|CUMULATIVE_PROFILING|No profiling information for DML operations
11:50:26.75 (75557727)|CUMULATIVE_PROFILING|method invocations|
External entry point: public List<Contact> __sfdc_lstImportantContacts(): executed 1 time in 29 ms
Class.ImportantContactsController.__sfdc_lstImportantContacts: line 7, column 1: public Id __sfdc_AccountId(): executed 6 times in 29 ms
Class.ImportantContactsController.<init>: line 20, column 1: global SObject getRecord(): executed 1 time in 13 ms
Class.ImportantContactsController.<init>: line 21, column 1: global SObject getRecord(): executed 2 times in 0 ms
Class.ImportantContactsController.__sfdc_lstImportantContacts: line 5, column 1: public Id __sfdc_AccountId(): executed 1 time in 0 ms
Class.ImportantContactsController.__sfdc_lstImportantContacts: line 6, column 1: global public List<Contact>(): executed 1 time in 0 ms

11:50:26.75 (75557727)|CUMULATIVE_PROFILING_END
