34.0 APEX_CODE,DEBUG;APEX_PROFILING,FINEST;CALLOUT,INFO;DB,INFO;SYSTEM,FINE;VALIDATION,INFO;VISUALFORCE,INFO;WORKFLOW,INFO
11:37:47.0 (717272)|USER_INFO|[EXTERNAL]|005w0000003Pu27|luukkaa@iata.org.prod.cnsaku|Central European Time|GMT+01:00
11:37:47.0 (760557)|EXECUTION_STARTED
11:37:47.0 (767172)|CODE_UNIT_STARTED|[EXTERNAL]|066w0000001Zkns|VF: /apex/ISSP_Bannerpreviewpage
11:37:47.48 (48452680)|CUMULATIVE_LIMIT_USAGE
11:37:47.48 (48452680)|LIMIT_USAGE_FOR_NS|(default)|
  Number of SOQL queries: 0 out of 100
  Number of query rows: 0 out of 50000
  Number of SOSL queries: 0 out of 20
  Number of DML statements: 0 out of 150
  Number of DML rows: 0 out of 10000
  Maximum CPU time: 0 out of 10000
  Maximum heap size: 0 out of 6000000
  Number of callouts: 0 out of 100
  Number of Email Invocations: 0 out of 10
  Number of future calls: 0 out of 50
  Number of queueable jobs added to the queue: 0 out of 50
  Number of Mobile Apex push calls: 0 out of 10

11:37:47.48 (48452680)|TOTAL_EMAIL_RECIPIENTS_QUEUED|0
11:37:47.48 (48452680)|CUMULATIVE_LIMIT_USAGE_END

11:37:47.0 (48512431)|CODE_UNIT_FINISHED|VF: /apex/ISSP_Bannerpreviewpage
11:37:47.0 (50102308)|EXECUTION_FINISHED
11:37:47.53 (53175275)|CUMULATIVE_PROFILING_BEGIN
11:37:47.53 (53175275)|CUMULATIVE_PROFILING|No profiling information for SOQL operations
11:37:47.53 (53175275)|CUMULATIVE_PROFILING|No profiling information for SOSL operations
11:37:47.53 (53175275)|CUMULATIVE_PROFILING|No profiling information for DML operations
11:37:47.53 (53175275)|CUMULATIVE_PROFILING|No profiling information for method invocations
11:37:47.53 (53175275)|CUMULATIVE_PROFILING_END
