27.0 APEX_CODE,DEBUG;APEX_PROFILING,FINEST;CALLOUT,INFO;DB,INFO;SYSTEM,FINE;VALIDATION,INFO;VISUALFORCE,INFO;WORKFLOW,INFO
11:36:49.0 (524554)|USER_INFO|[EXTERNAL]|005w0000003Pu27|luukkaa@iata.org.prod.cnsaku|Central European Time|GMT+01:00
11:36:49.0 (553524)|EXECUTION_STARTED
11:36:49.0 (557617)|CODE_UNIT_STARTED|[EXTERNAL]|066w0000001ZnAF|VF: /apex/ImportantContacts
11:36:49.3 (3291782)|SYSTEM_MODE_ENTER|true
11:36:49.3 (3684932)|SYSTEM_MODE_ENTER|true
11:36:49.3 (3929282)|SYSTEM_MODE_ENTER|true
11:36:49.0 (5114699)|SYSTEM_MODE_ENTER|true
11:36:49.0 (5462561)|SYSTEM_MODE_ENTER|false
11:36:49.0 (5470266)|SYSTEM_MODE_EXIT|false
11:36:49.0 (5499867)|SYSTEM_MODE_ENTER|false
11:36:49.0 (5531455)|SYSTEM_METHOD_ENTRY|[20]|ApexPages.StandardController.getRecord()
11:36:49.0 (16482788)|SYSTEM_METHOD_EXIT|[20]|ApexPages.StandardController.getRecord()
11:36:49.0 (16527924)|SYSTEM_METHOD_ENTRY|[21]|ApexPages.StandardController.getRecord()
11:36:49.0 (16566261)|SYSTEM_METHOD_EXIT|[21]|ApexPages.StandardController.getRecord()
11:36:49.0 (16603640)|SYSTEM_METHOD_ENTRY|[21]|ImportantContactsController.__sfdc_AccountId(Id)
11:36:49.0 (16617052)|SYSTEM_METHOD_EXIT|[21]|ImportantContactsController.__sfdc_AccountId(Id)
11:36:49.0 (16622626)|SYSTEM_MODE_EXIT|false
11:36:49.0 (16682614)|SYSTEM_MODE_ENTER|true
11:36:49.0 (16725225)|SYSTEM_MODE_ENTER|false
11:36:49.0 (16741487)|SYSTEM_METHOD_ENTRY|[5]|ImportantContactsController.__sfdc_AccountId()
11:36:49.0 (16762959)|SYSTEM_METHOD_EXIT|[5]|ImportantContactsController.__sfdc_AccountId()
11:36:49.0 (16796403)|SYSTEM_CONSTRUCTOR_ENTRY|[6]|<init>()
11:36:49.0 (16812486)|SYSTEM_CONSTRUCTOR_EXIT|[6]|<init>()
11:36:49.0 (16837362)|SYSTEM_METHOD_ENTRY|[7]|ImportantContactsController.__sfdc_AccountId()
11:36:49.0 (16850353)|SYSTEM_METHOD_EXIT|[7]|ImportantContactsController.__sfdc_AccountId()
11:36:49.0 (17288252)|SOQL_EXECUTE_BEGIN|[7]|Aggregations:0|SELECT Id, FirstName, LastName, Email, Phone, Title, Membership_Function__c, Airline_Contact_Type__c FROM Contact 
11:36:49.0 (160787784)|SOQL_EXECUTE_END|[7]|Rows:1
11:36:49.0 (160877410)|SYSTEM_METHOD_ENTRY|[7]|Database.QueryLocator.iterator()
11:36:49.0 (161109724)|SYSTEM_METHOD_EXIT|[7]|Database.QueryLocator.iterator()
11:36:49.0 (161349788)|SYSTEM_MODE_EXIT|false
11:36:49.175 (175775035)|SYSTEM_MODE_ENTER|true
11:36:49.176 (176016026)|SYSTEM_MODE_ENTER|true
11:36:49.0 (177840051)|VF_SERIALIZE_VIEWSTATE_BEGIN|066w0000001ZnAF
11:36:49.0 (185092699)|VF_SERIALIZE_VIEWSTATE_END
11:36:49.188 (188023416)|CUMULATIVE_LIMIT_USAGE
11:36:49.188 (188023416)|LIMIT_USAGE_FOR_NS|(default)|
  Number of SOQL queries: 1 out of 100
  Number of query rows: 1 out of 50000
  Number of SOSL queries: 0 out of 20
  Number of DML statements: 0 out of 150
  Number of DML rows: 0 out of 10000
  Maximum CPU time: 0 out of 10000
  Maximum heap size: 0 out of 6000000
  Number of callouts: 0 out of 100
  Number of Email Invocations: 0 out of 10
  Number of future calls: 0 out of 50
  Number of queueable jobs added to the queue: 0 out of 50
  Number of Mobile Apex push calls: 0 out of 10

11:36:49.188 (188023416)|TOTAL_EMAIL_RECIPIENTS_QUEUED|0
11:36:49.188 (188023416)|STATIC_VARIABLE_LIST|
  char[]:DigitTens:0
  long:serialVersionUID:0
  String:_sfdcSuppressedCodeLocations:0
  long:serialVersionUID:0
  String:_sfdcAdditionalCodeLocations:0
  double:MAX_VALUE:0
  Boolean:FALSE:0
  long:serialVersionUID:0
  String:__sfdcInnerTypes:0
  String:_sfdcAdditionalCodeLocations:0
  double:MIN_VALUE:0
  int:SIZE:0
  double:NEGATIVE_INFINITY:0
  int:MAX_VALUE:0
  char[]:digits:0
  double:NaN:0
  Boolean:TRUE:0
  String:__sfdcParameterizedTypes:0
  int:MIN_VALUE:0
  char[]:DigitOnes:0
  int:BYTES:0
  String:__sfdcProperties:0
  int:MIN_EXPONENT:0
  int[]:sizeTable:0
  String:_sfdcAdditionalCodeLocations:0
  int:MAX_EXPONENT:0
  String:_sfdcAdditionalCodeLocations:0
  int:SIZE:0
  double:POSITIVE_INFINITY:0
  double:MIN_NORMAL:0
  int:BYTES:0

11:36:49.188 (188023416)|CUMULATIVE_LIMIT_USAGE_END

11:36:49.0 (188183231)|CODE_UNIT_FINISHED|VF: /apex/ImportantContacts
11:36:49.0 (189857517)|EXECUTION_FINISHED
11:36:49.192 (192886169)|CUMULATIVE_PROFILING_BEGIN
11:36:49.192 (192886169)|CUMULATIVE_PROFILING|No profiling information for SOQL operations
11:36:49.192 (192886169)|CUMULATIVE_PROFILING|No profiling information for SOSL operations
11:36:49.192 (192886169)|CUMULATIVE_PROFILING|No profiling information for DML operations
11:36:49.192 (192886169)|CUMULATIVE_PROFILING|method invocations|
External entry point: public List<Contact> __sfdc_lstImportantContacts(): executed 1 time in 145 ms
Class.ImportantContactsController.__sfdc_lstImportantContacts: line 7, column 1: public Id __sfdc_AccountId(): executed 6 times in 144 ms
Class.ImportantContactsController.<init>: line 20, column 1: global SObject getRecord(): executed 1 time in 11 ms
Class.ImportantContactsController.<init>: line 21, column 1: global SObject getRecord(): executed 2 times in 0 ms
Class.ImportantContactsController.__sfdc_lstImportantContacts: line 5, column 1: public Id __sfdc_AccountId(): executed 1 time in 0 ms
Class.ImportantContactsController.__sfdc_lstImportantContacts: line 6, column 1: global public List<Contact>(): executed 1 time in 0 ms

11:36:49.192 (192886169)|CUMULATIVE_PROFILING_END
