27.0 APEX_CODE,DEBUG;APEX_PROFILING,FINEST;CALLOUT,INFO;DB,INFO;SYSTEM,FINE;VALIDATION,INFO;VISUALFORCE,INFO;WORKFLOW,INFO
11:49:09.0 (477142)|USER_INFO|[EXTERNAL]|005w0000003Pu27|luukkaa@iata.org.prod.cnsaku|Central European Time|GMT+01:00
11:49:09.0 (528381)|EXECUTION_STARTED
11:49:09.0 (534570)|CODE_UNIT_STARTED|[EXTERNAL]|066w0000001ZnAF|VF: /apex/ImportantContacts
11:49:09.5 (5891624)|SYSTEM_MODE_ENTER|true
11:49:09.6 (6349112)|SYSTEM_MODE_ENTER|true
11:49:09.6 (6564101)|SYSTEM_MODE_ENTER|true
11:49:09.0 (10719377)|SYSTEM_MODE_ENTER|true
11:49:09.0 (11132405)|SYSTEM_MODE_ENTER|false
11:49:09.0 (11142122)|SYSTEM_MODE_EXIT|false
11:49:09.0 (11179915)|SYSTEM_MODE_ENTER|false
11:49:09.0 (11218128)|SYSTEM_METHOD_ENTRY|[20]|ApexPages.StandardController.getRecord()
11:49:09.0 (38973257)|SYSTEM_METHOD_EXIT|[20]|ApexPages.StandardController.getRecord()
11:49:09.0 (39054136)|SYSTEM_METHOD_ENTRY|[21]|ApexPages.StandardController.getRecord()
11:49:09.0 (39112288)|SYSTEM_METHOD_EXIT|[21]|ApexPages.StandardController.getRecord()
11:49:09.0 (39166818)|SYSTEM_METHOD_ENTRY|[21]|ImportantContactsController.__sfdc_AccountId(Id)
11:49:09.0 (39186236)|SYSTEM_METHOD_EXIT|[21]|ImportantContactsController.__sfdc_AccountId(Id)
11:49:09.0 (39197279)|SYSTEM_MODE_EXIT|false
11:49:09.0 (39322646)|SYSTEM_MODE_ENTER|true
11:49:09.0 (39388054)|SYSTEM_MODE_ENTER|false
11:49:09.0 (39404088)|SYSTEM_METHOD_ENTRY|[5]|ImportantContactsController.__sfdc_AccountId()
11:49:09.0 (39425783)|SYSTEM_METHOD_EXIT|[5]|ImportantContactsController.__sfdc_AccountId()
11:49:09.0 (39496775)|SYSTEM_CONSTRUCTOR_ENTRY|[6]|<init>()
11:49:09.0 (39519215)|SYSTEM_CONSTRUCTOR_EXIT|[6]|<init>()
11:49:09.0 (39551625)|SYSTEM_METHOD_ENTRY|[7]|ImportantContactsController.__sfdc_AccountId()
11:49:09.0 (39564405)|SYSTEM_METHOD_EXIT|[7]|ImportantContactsController.__sfdc_AccountId()
11:49:09.0 (45741218)|SOQL_EXECUTE_BEGIN|[7]|Aggregations:0|SELECT Id, FirstName, LastName, Email, Phone, Title, Membership_Function__c, Airline_Contact_Type__c FROM Contact 
11:49:09.0 (121105137)|SOQL_EXECUTE_END|[7]|Rows:1
11:49:09.0 (121214338)|SYSTEM_METHOD_ENTRY|[7]|Database.QueryLocator.iterator()
11:49:09.0 (121485670)|SYSTEM_METHOD_EXIT|[7]|Database.QueryLocator.iterator()
11:49:09.0 (121655114)|SYSTEM_MODE_EXIT|false
11:49:09.134 (134302881)|SYSTEM_MODE_ENTER|true
11:49:09.134 (134594634)|SYSTEM_MODE_ENTER|true
11:49:09.0 (136376731)|VF_SERIALIZE_VIEWSTATE_BEGIN|066w0000001ZnAF
11:49:09.0 (139611556)|VF_SERIALIZE_VIEWSTATE_END
11:49:09.142 (142697870)|CUMULATIVE_LIMIT_USAGE
11:49:09.142 (142697870)|LIMIT_USAGE_FOR_NS|(default)|
  Number of SOQL queries: 1 out of 100
  Number of query rows: 1 out of 50000
  Number of SOSL queries: 0 out of 20
  Number of DML statements: 0 out of 150
  Number of DML rows: 0 out of 10000
  Maximum CPU time: 0 out of 10000
  Maximum heap size: 0 out of 6000000
  Number of callouts: 0 out of 100
  Number of Email Invocations: 0 out of 10
  Number of future calls: 0 out of 50
  Number of queueable jobs added to the queue: 0 out of 50
  Number of Mobile Apex push calls: 0 out of 10

11:49:09.142 (142697870)|TOTAL_EMAIL_RECIPIENTS_QUEUED|0
11:49:09.142 (142697870)|STATIC_VARIABLE_LIST|
  char[]:DigitTens:0
  long:serialVersionUID:0
  String:_sfdcSuppressedCodeLocations:0
  long:serialVersionUID:0
  String:_sfdcAdditionalCodeLocations:0
  double:MAX_VALUE:0
  Boolean:FALSE:0
  long:serialVersionUID:0
  String:__sfdcInnerTypes:0
  String:_sfdcAdditionalCodeLocations:0
  double:MIN_VALUE:0
  int:SIZE:0
  double:NEGATIVE_INFINITY:0
  int:MAX_VALUE:0
  char[]:digits:0
  double:NaN:0
  Boolean:TRUE:0
  String:__sfdcParameterizedTypes:0
  int:MIN_VALUE:0
  char[]:DigitOnes:0
  int:BYTES:0
  String:__sfdcProperties:0
  int:MIN_EXPONENT:0
  int[]:sizeTable:0
  String:_sfdcAdditionalCodeLocations:0
  int:MAX_EXPONENT:0
  String:_sfdcAdditionalCodeLocations:0
  int:SIZE:0
  double:POSITIVE_INFINITY:0
  double:MIN_NORMAL:0
  int:BYTES:0

11:49:09.142 (142697870)|CUMULATIVE_LIMIT_USAGE_END

11:49:09.0 (142852172)|CODE_UNIT_FINISHED|VF: /apex/ImportantContacts
11:49:09.0 (143931317)|EXECUTION_FINISHED
11:49:09.145 (145917486)|CUMULATIVE_PROFILING_BEGIN
11:49:09.145 (145917486)|CUMULATIVE_PROFILING|No profiling information for SOQL operations
11:49:09.145 (145917486)|CUMULATIVE_PROFILING|No profiling information for SOSL operations
11:49:09.145 (145917486)|CUMULATIVE_PROFILING|No profiling information for DML operations
11:49:09.145 (145917486)|CUMULATIVE_PROFILING|method invocations|
External entry point: public List<Contact> __sfdc_lstImportantContacts(): executed 1 time in 82 ms
Class.ImportantContactsController.__sfdc_lstImportantContacts: line 7, column 1: public Id __sfdc_AccountId(): executed 6 times in 82 ms
Class.ImportantContactsController.<init>: line 20, column 1: global SObject getRecord(): executed 1 time in 27 ms
Class.ImportantContactsController.<init>: line 21, column 1: global SObject getRecord(): executed 2 times in 0 ms
Class.ImportantContactsController.__sfdc_lstImportantContacts: line 5, column 1: public Id __sfdc_AccountId(): executed 1 time in 0 ms
Class.ImportantContactsController.__sfdc_lstImportantContacts: line 6, column 1: global public List<Contact>(): executed 1 time in 0 ms

11:49:09.145 (145917486)|CUMULATIVE_PROFILING_END
